<?xml version="1.0" encoding="UTF-8"?>
<!-- Generated by org.testng.reporters.JUnitReportReporter -->
<testsuite hostname="IN-PF42S2RF" failures="2" tests="136" name="src.in.valtech.cl.scenarios.TC_Scenario_03" time="2400.846" errors="0" timestamp="27 Feb 2024 14:31:02 GMT">
  <testcase classname="src.in.valtech.cl.scenarios.TC_Scenario_03" name="step09_EnteredUsernameField" time="4.984"/>
  <testcase classname="src.in.valtech.cl.scenarios.TC_Scenario_03" name="step118_EnteredCardHolderField" time="0.556"/>
  <testcase classname="src.in.valtech.cl.scenarios.TC_Scenario_03" name="step94_EnteredPostCodeField" time="4.508"/>
  <testcase classname="src.in.valtech.cl.scenarios.TC_Scenario_03" name="step134_ClickOrderIDCheckbox" time="20.074"/>
  <testcase classname="src.in.valtech.cl.scenarios.TC_Scenario_03" name="step117_EnteredCVVField" time="2.316"/>
  <testcase classname="src.in.valtech.cl.scenarios.TC_Scenario_03" name="step116_EnteredExpiryDateField" time="4.348"/>
  <testcase classname="src.in.valtech.cl.scenarios.TC_Scenario_03" name="step36_ClickOnL2KateLadiesCategory" time="14.650"/>
  <testcase classname="src.in.valtech.cl.scenarios.TC_Scenario_03" name="step82_NavigatedIntoMagentoBOAndClickOnCatalogIcon" time="12.421"/>
  <testcase classname="src.in.valtech.cl.scenarios.TC_Scenario_03" name="step49_ClickonProductCareAndVerifiedContent" time="7.682"/>
  <testcase classname="src.in.valtech.cl.scenarios.TC_Scenario_03" name="step83_ClickProductstxtFromCatalogIcon" time="21.280"/>
  <testcase classname="src.in.valtech.cl.scenarios.TC_Scenario_03" name="step65_ScrollDownTillGiftWrappingImgAndSelectedInCP" time="0.343"/>
  <testcase classname="src.in.valtech.cl.scenarios.TC_Scenario_03" name="step98_VerifiedShippingMethodsHeaderInCP" time="0.064"/>
  <testcase classname="src.in.valtech.cl.scenarios.TC_Scenario_03" name="step110_EnteredPostCodeField" time="0.001"/>
  <testcase classname="src.in.valtech.cl.scenarios.TC_Scenario_03" name="step131_OpenNewTabAndNavigatedtoAdyen" time="5.617"/>
  <testcase classname="src.in.valtech.cl.scenarios.TC_Scenario_03" name="step10_EnteredPasswordField" time="4.493"/>
  <testcase classname="src.in.valtech.cl.scenarios.TC_Scenario_03" name="step03_VerificationOfProductWidgets" time="0.188"/>
  <testcase classname="src.in.valtech.cl.scenarios.TC_Scenario_03" name="step120_ClickOnProceedButtonAtPaymentSection" time="5.305"/>
  <testcase classname="src.in.valtech.cl.scenarios.TC_Scenario_03" name="step32_VerifyUserNameInMYAccount" time="5.095"/>
  <testcase classname="src.in.valtech.cl.scenarios.TC_Scenario_03" name="step86_NavigatedIntoFOAndVerifiedProductNameinPDP" time="4.240"/>
  <testcase classname="src.in.valtech.cl.scenarios.TC_Scenario_03" name="step95_EnteredCityField" time="7.769"/>
  <testcase classname="src.in.valtech.cl.scenarios.TC_Scenario_03" name="step17_DeletedExistCustomerAccountFromCustomerGridResultInBO" time="49.248"/>
  <testcase classname="src.in.valtech.cl.scenarios.TC_Scenario_03" name="step42_VerifiedColorSwatches" time="2.101"/>
  <testcase classname="src.in.valtech.cl.scenarios.TC_Scenario_03" name="step99_ClickOnSecondShipMethodRadioButton" time="12.276"/>
  <testcase classname="src.in.valtech.cl.scenarios.TC_Scenario_03" name="step69_LoggedIntoWMS" time="24.757"/>
  <testcase classname="src.in.valtech.cl.scenarios.TC_Scenario_03" name="step123_ClickOnMyAccountIcon" time="3.499"/>
  <testcase classname="src.in.valtech.cl.scenarios.TC_Scenario_03" name="step43_VerifiedAddtoCartbtnInPDP" time="0.047"/>
  <testcase classname="src.in.valtech.cl.scenarios.TC_Scenario_03" name="step112_VerifiedCountryField" time="0.001"/>
  <testcase classname="src.in.valtech.cl.scenarios.TC_Scenario_03" name="step148_VerifyOrderConfirmationMailContents" time="6.574"/>
  <testcase classname="src.in.valtech.cl.scenarios.TC_Scenario_03" name="step24_EnterFirstNameField" time="4.449"/>
  <testcase classname="src.in.valtech.cl.scenarios.TC_Scenario_03" name="step21_VerifiedPrefixDropdownIsAutoSelected" time="2.250"/>
  <testcase classname="src.in.valtech.cl.scenarios.TC_Scenario_03" name="step111_EnteredCityField" time="0.001"/>
  <testcase classname="src.in.valtech.cl.scenarios.TC_Scenario_03" name="step105_EnteredAddressNameField" time="0.002"/>
  <testcase classname="src.in.valtech.cl.scenarios.TC_Scenario_03" name="step68_OpenNewTabAndNavigatedtoWMS" time="6.136"/>
  <testcase classname="src.in.valtech.cl.scenarios.TC_Scenario_03" name="step11_ClickOnSignInButton" time="38.453"/>
  <testcase classname="src.in.valtech.cl.scenarios.TC_Scenario_03" name="step35_MouseoverOnL1Category" time="0.722"/>
  <testcase classname="src.in.valtech.cl.scenarios.TC_Scenario_03" name="step128_ClickOrderstxtFromSalesIcon" time="12.639"/>
  <testcase classname="src.in.valtech.cl.scenarios.TC_Scenario_03" name="step67_VerifiedShippingAddressHeaderInCP" time="0.276"/>
  <testcase classname="src.in.valtech.cl.scenarios.TC_Scenario_03" name="step28_EnterConfirmPasswordField" time="7.042"/>
  <testcase classname="src.in.valtech.cl.scenarios.TC_Scenario_03" name="step144_VerifiedOrderStatusInMyOrdersPage" time="0.094"/>
  <testcase classname="src.in.valtech.cl.scenarios.TC_Scenario_03" name="step92_EnteredLastNameField" time="2.286"/>
  <testcase classname="src.in.valtech.cl.scenarios.TC_Scenario_03" name="step96_EnteredPhoneNumberField" time="4.841"/>
  <testcase classname="src.in.valtech.cl.scenarios.TC_Scenario_03" name="step47_ClickOnSelectYourSizeButtonAndSelectAnySize" time="23.728"/>
  <testcase classname="src.in.valtech.cl.scenarios.TC_Scenario_03" name="step25_EnterEmailAddressField" time="4.395"/>
  <testcase classname="src.in.valtech.cl.scenarios.TC_Scenario_03" name="step57_ClickonYourCartLinkInConfirmationOverlay" time="12.875"/>
  <testcase classname="src.in.valtech.cl.scenarios.TC_Scenario_03" name="step141_VerifiedOrderStatusInOrdersPage" time="200.719"/>
  <testcase classname="src.in.valtech.cl.scenarios.TC_Scenario_03" name="step74_ClickOnDetailsButtonForSimpleProd" time="14.240"/>
  <testcase classname="src.in.valtech.cl.scenarios.TC_Scenario_03" name="step93_EnteredAddressField" time="5.611"/>
  <testcase classname="src.in.valtech.cl.scenarios.TC_Scenario_03" name="step66_ClickOnUpdateButtonInCP" time="5.477"/>
  <testcase classname="src.in.valtech.cl.scenarios.TC_Scenario_03" name="step115_EnteredCreditNumberField" time="2.596"/>
  <testcase classname="src.in.valtech.cl.scenarios.TC_Scenario_03" name="step70_ClickOnOKbutton" time="14.002"/>
  <testcase classname="src.in.valtech.cl.scenarios.TC_Scenario_03" name="step107_EnteredFirstNameField" time="0.000"/>
  <testcase classname="src.in.valtech.cl.scenarios.TC_Scenario_03" name="step124_ClickOnMyOrdersLink" time="7.633"/>
  <testcase classname="src.in.valtech.cl.scenarios.TC_Scenario_03" name="step45_VerifiedContactUslink" time="0.046"/>
  <testcase classname="src.in.valtech.cl.scenarios.TC_Scenario_03" name="step12_VerifiedDashboardHeaderInBO" time="10.155"/>
  <testcase classname="src.in.valtech.cl.scenarios.TC_Scenario_03" name="step55_ClickonAddToCartButton" time="12.697"/>
  <testcase classname="src.in.valtech.cl.scenarios.TC_Scenario_03" name="step103_VerifiedMyBAandSABothSame_CheckboxIsAutoSelected" time="0.016"/>
  <testcase classname="src.in.valtech.cl.scenarios.TC_Scenario_03" name="step113_EnterPhoneNumField" time="0.000"/>
  <testcase classname="src.in.valtech.cl.scenarios.TC_Scenario_03" name="step15_VerifyCustomersHeadertxtInBO" time="10.126"/>
  <testcase classname="src.in.valtech.cl.scenarios.TC_Scenario_03" name="step06_VerificationOfFooterSocialIconText" time="2.383"/>
  <testcase classname="src.in.valtech.cl.scenarios.TC_Scenario_03" name="step04_VerificationOfFooterHeaderText" time="0.663"/>
  <testcase classname="src.in.valtech.cl.scenarios.TC_Scenario_03" name="step121_VerifiedSuccessMsgAfterPlacingOrder" time="13.907"/>
  <testcase classname="src.in.valtech.cl.scenarios.TC_Scenario_03" name="step20_ClickAccountCreateBtn" time="15.231"/>
  <testcase classname="src.in.valtech.cl.scenarios.TC_Scenario_03" name="step106_SelectPrefixNameDpdn" time="0.000"/>
  <testcase classname="src.in.valtech.cl.scenarios.TC_Scenario_03" name="step48_ClickonProductInfoAndVerifiedContent" time="14.517"/>
  <testcase classname="src.in.valtech.cl.scenarios.TC_Scenario_03" name="step75_VerifyInitialSaleableStock" time="12.141"/>
  <testcase classname="src.in.valtech.cl.scenarios.TC_Scenario_03" name="step19_VerificationOfAllTxtLnkBtn_InMyAccountModal" time="0.047"/>
  <testcase classname="src.in.valtech.cl.scenarios.TC_Scenario_03" name="step136_ClickOnPaymentOptionFromTransaction" time="44.262"/>
  <testcase classname="src.in.valtech.cl.scenarios.TC_Scenario_03" name="step102_ClickOnCreditCardRadioBtn" time="7.209"/>
  <testcase classname="src.in.valtech.cl.scenarios.TC_Scenario_03" name="step85_VerifyInitialSaleableStock" time="2.272"/>
  <testcase classname="src.in.valtech.cl.scenarios.TC_Scenario_03" name="step130_VerifiedOrderStatusInOrdersPage" time="574.649"/>
  <testcase classname="src.in.valtech.cl.scenarios.TC_Scenario_03" name="step41_VerifiedBrandnameinPDP" time="2.248"/>
  <testcase classname="src.in.valtech.cl.scenarios.TC_Scenario_03" name="step62_ClickOnProceedToCheckOutCTA" time="27.829"/>
  <testcase classname="src.in.valtech.cl.scenarios.TC_Scenario_03" name="step51_VerifyMainThumbnailImg" time="0.609"/>
  <testcase classname="src.in.valtech.cl.scenarios.TC_Scenario_03" name="step64_VerifiedGiftOptionsHeaderInCP" time="0.319"/>
  <testcase classname="src.in.valtech.cl.scenarios.TC_Scenario_03" name="step29_ClickTermsConditionCheckbox" time="20.666"/>
  <testcase classname="src.in.valtech.cl.scenarios.TC_Scenario_03" name="step145_ComparedSeleableStockInWMSAndBOBothAreSameAfterRejectingTheOrder" time="126.538"/>
  <testcase classname="src.in.valtech.cl.scenarios.TC_Scenario_03" name="step129_VerifiedOrdersHeaderInBO" time="10.176"/>
  <testcase classname="src.in.valtech.cl.scenarios.TC_Scenario_03" name="step46_ClickOnSizeGuideAndCloseOverlay" time="8.542"/>
  <testcase classname="src.in.valtech.cl.scenarios.TC_Scenario_03" name="step14_ClickAllCustomerstxtFromCustomersIcon" time="12.250"/>
  <testcase classname="src.in.valtech.cl.scenarios.TC_Scenario_03" name="step104_UncheckMyBAandSABothSame_Checkbox" time="0.001"/>
  <testcase classname="src.in.valtech.cl.scenarios.TC_Scenario_03" name="step37_VerificationOfCategoryPage" time="0.106"/>
  <testcase classname="src.in.valtech.cl.scenarios.TC_Scenario_03" name="step91_EnteredFirstNameField" time="2.805"/>
  <testcase classname="src.in.valtech.cl.scenarios.TC_Scenario_03" name="step125_VerifiedOrderStatusInMyOrdersPage" time="0.684"/>
  <testcase classname="src.in.valtech.cl.scenarios.TC_Scenario_03" name="step38_ClickOnProductImg" time="14.784"/>
  <testcase classname="src.in.valtech.cl.scenarios.TC_Scenario_03" name="step61_ComparingTotalCorrectSummaryAmountAfterRemovingOneProductQnty" time="0.070"/>
  <testcase classname="src.in.valtech.cl.scenarios.TC_Scenario_03" name="step56_VerifiedPDPConfirmationMessagePopUPModal" time="9.840"/>
  <testcase classname="src.in.valtech.cl.scenarios.TC_Scenario_03" name="step39_VerifiedProductNameinPDP" time="2.210"/>
  <testcase classname="src.in.valtech.cl.scenarios.TC_Scenario_03" name="step72_ClickOnProductsFromDataLists" time="10.391"/>
  <testcase classname="src.in.valtech.cl.scenarios.TC_Scenario_03" name="step18_ClickMyAccountBtn" time="9.876"/>
  <testcase classname="src.in.valtech.cl.scenarios.TC_Scenario_03" name="step60_ClickOnDecreaseQtyIcon" time="27.105"/>
  <testcase classname="src.in.valtech.cl.scenarios.TC_Scenario_03" name="step01_NavigatedtoCLHomePage" time="43.415"/>
  <testcase classname="src.in.valtech.cl.scenarios.TC_Scenario_03" name="step71_MouseOverElementOnDataListsMenu" time="12.399"/>
  <testcase classname="src.in.valtech.cl.scenarios.TC_Scenario_03" name="step13_ClickOnCustomersIcon" time="12.730"/>
  <testcase classname="src.in.valtech.cl.scenarios.TC_Scenario_03" name="step90_VerifiedPrefixNameDpdIsAutoSelectedOrNot" time="0.243"/>
  <testcase classname="src.in.valtech.cl.scenarios.TC_Scenario_03" name="step53_VerifiedPDPConfirmationMessagePopUPModal" time="8.655"/>
  <testcase classname="src.in.valtech.cl.scenarios.TC_Scenario_03" name="step73_EnterSearchableSKUAndClickOnSubmitFilter" time="21.690"/>
  <testcase classname="src.in.valtech.cl.scenarios.TC_Scenario_03" name="step16_SearchForCustomerAccount" time="15.796"/>
  <testcase classname="src.in.valtech.cl.scenarios.TC_Scenario_03" name="step142_ClickOnMyAccountIcon" time="14.116"/>
  <testcase classname="src.in.valtech.cl.scenarios.TC_Scenario_03" name="step143_ClickOnMyOrdersLink" time="9.694"/>
  <testcase classname="src.in.valtech.cl.scenarios.TC_Scenario_03" name="step59_VerifyDetails_MainCart" time="25.606"/>
  <testcase classname="src.in.valtech.cl.scenarios.TC_Scenario_03" name="step31_VerifyRegisteredSuccessMsgTxt" time="7.211"/>
  <testcase classname="src.in.valtech.cl.scenarios.TC_Scenario_03" name="step58_VerifiedMyCartHeaderInMCP" time="0.199"/>
  <testcase classname="src.in.valtech.cl.scenarios.TC_Scenario_03" name="step87_VerifiedProductPriceinPDP" time="2.138"/>
  <testcase classname="src.in.valtech.cl.scenarios.TC_Scenario_03" name="step63_VerifyLoginSectionAtCheckoutStep1" time="6.661"/>
  <testcase classname="src.in.valtech.cl.scenarios.TC_Scenario_03" name="step137_EnterOrderIDinPaymentTab_adyen" time="47.180"/>
  <testcase classname="src.in.valtech.cl.scenarios.TC_Scenario_03" name="step07_VerificationOfFooterSocialIcons" time="0.377"/>
  <testcase classname="src.in.valtech.cl.scenarios.TC_Scenario_03" name="step138_VerifyOrderRMAStatusIN_adyen" time="192.234">
    <failure message="Expected condition failed: waiting for presence of element located by: By.xpath: //td[contains(text(),&#039;24000000032&#039;)]//following-sibling::td[5] (tried for 50 second(s) with 500 milliseconds interval)" type="org.openqa.selenium.TimeoutException">
      <![CDATA[org.openqa.selenium.TimeoutException: Expected condition failed: waiting for presence of element located by: By.xpath: //td[contains(text(),'24000000032')]//following-sibling::td[5] (tried for 50 second(s) with 500 milliseconds interval)
	at org.openqa.selenium.support.ui.WebDriverWait.timeoutException(WebDriverWait.java:95)
	at org.openqa.selenium.support.ui.FluentWait.until(FluentWait.java:272)
	at src.in.valtech.custom.CustomFun.waitObjectToLoad(CustomFun.java:308)
	at src.in.valtech.cl.back.pages.AdyenPage.Verify_AdyenOrderIDStatus(AdyenPage.java:297)
	at src.in.valtech.cl.scenarios.TC_Scenario_03.step138_VerifyOrderRMAStatusIN_adyen(TC_Scenario_03.java:1075)
	at java.base/jdk.internal.reflect.NativeMethodAccessorImpl.invoke0(Native Method)
	at java.base/jdk.internal.reflect.NativeMethodAccessorImpl.invoke(NativeMethodAccessorImpl.java:62)
	at java.base/jdk.internal.reflect.DelegatingMethodAccessorImpl.invoke(DelegatingMethodAccessorImpl.java:43)
	at java.base/java.lang.reflect.Method.invoke(Method.java:566)
	at org.testng.internal.MethodInvocationHelper.invokeMethod(MethodInvocationHelper.java:80)
	at org.testng.internal.Invoker.invokeMethod(Invoker.java:714)
	at org.testng.internal.Invoker.invokeTestMethod(Invoker.java:901)
	at org.testng.internal.Invoker.invokeTestMethods(Invoker.java:1231)
	at org.testng.internal.TestMethodWorker.invokeTestMethods(TestMethodWorker.java:127)
	at org.testng.internal.TestMethodWorker.run(TestMethodWorker.java:111)
	at org.testng.TestRunner.privateRun(TestRunner.java:767)
	at org.testng.TestRunner.run(TestRunner.java:617)
	at org.testng.SuiteRunner.runTest(SuiteRunner.java:334)
	at org.testng.SuiteRunner.access$000(SuiteRunner.java:37)
	at org.testng.SuiteRunner$SuiteWorker.run(SuiteRunner.java:368)
	at org.testng.internal.thread.ThreadUtil$2.call(ThreadUtil.java:64)
	at java.base/java.util.concurrent.FutureTask.run(FutureTask.java:264)
	at java.base/java.util.concurrent.ThreadPoolExecutor.runWorker(ThreadPoolExecutor.java:1128)
	at java.base/java.util.concurrent.ThreadPoolExecutor$Worker.run(ThreadPoolExecutor.java:628)
	at java.base/java.lang.Thread.run(Thread.java:834)
Caused by: org.openqa.selenium.NoSuchElementException: no such element: Unable to locate element: {"method":"xpath","selector":"//td[contains(text(),'24000000032')]//following-sibling::td[5]"}
  (Session info: chrome=121.0.6167.185)
For documentation on this error, please visit: https://www.seleniumhq.org/exceptions/no_such_element.html
Build info: version: '3.141.59', revision: 'e82be7d358', time: '2018-11-14T08:17:03'
System info: host: 'IN-PF42S2RF', ip: '192.168.1.6', os.name: 'Windows 10', os.arch: 'amd64', os.version: '10.0', java.version: '11.0.2'
Driver info: org.openqa.selenium.chrome.ChromeDriver
Capabilities {acceptInsecureCerts: false, browserName: chrome, browserVersion: 121.0.6167.185, chrome: {chromedriverVersion: 121.0.6167.85 (3f98d690ad7e..., userDataDir: C:\Users\CHAITR~1.BAB\AppDa...}, fedcm:accounts: true, goog:chromeOptions: {debuggerAddress: localhost:49766}, javascriptEnabled: true, networkConnectionEnabled: false, pageLoadStrategy: normal, platform: WINDOWS, platformName: WINDOWS, proxy: Proxy(), setWindowRect: true, strictFileInteractability: false, timeouts: {implicit: 0, pageLoad: 300000, script: 30000}, unhandledPromptBehavior: dismiss and notify, webauthn:extension:credBlob: true, webauthn:extension:largeBlob: true, webauthn:extension:minPinLength: true, webauthn:extension:prf: true, webauthn:virtualAuthenticators: true}
Session ID: fb4514b2d5008ff6ff67df6d91c626cb
*** Element info: {Using=xpath, value=//td[contains(text(),'24000000032')]//following-sibling::td[5]}
	at jdk.internal.reflect.GeneratedConstructorAccessor73.newInstance(Unknown Source)
	at java.base/jdk.internal.reflect.DelegatingConstructorAccessorImpl.newInstance(DelegatingConstructorAccessorImpl.java:45)
	at java.base/java.lang.reflect.Constructor.newInstance(Constructor.java:490)
	at org.openqa.selenium.remote.http.W3CHttpResponseCodec.createException(W3CHttpResponseCodec.java:185)
	at org.openqa.selenium.remote.http.W3CHttpResponseCodec.decode(W3CHttpResponseCodec.java:120)
	at org.openqa.selenium.remote.http.W3CHttpResponseCodec.decode(W3CHttpResponseCodec.java:49)
	at org.openqa.selenium.remote.HttpCommandExecutor.execute(HttpCommandExecutor.java:164)
	at org.openqa.selenium.remote.service.DriverCommandExecutor.execute(DriverCommandExecutor.java:83)
	at org.openqa.selenium.remote.RemoteWebDriver.execute(RemoteWebDriver.java:586)
	at org.openqa.selenium.remote.RemoteWebDriver.findElement(RemoteWebDriver.java:356)
	at org.openqa.selenium.remote.RemoteWebDriver.findElementByXPath(RemoteWebDriver.java:458)
	at org.openqa.selenium.By$ByXPath.findElement(By.java:353)
	at org.openqa.selenium.remote.RemoteWebDriver.findElement(RemoteWebDriver.java:348)
	at org.openqa.selenium.support.ui.ExpectedConditions$6.apply(ExpectedConditions.java:182)
	at org.openqa.selenium.support.ui.ExpectedConditions$6.apply(ExpectedConditions.java:179)
	at org.openqa.selenium.support.ui.FluentWait.until(FluentWait.java:249)
	... 23 more
]]>
    </failure>
  </testcase> <!-- step138_VerifyOrderRMAStatusIN_adyen -->
  <testcase classname="src.in.valtech.cl.scenarios.TC_Scenario_03" name="step147_VerifyAccountCreationConfirmationMailContents" time="6.498"/>
  <testcase classname="src.in.valtech.cl.scenarios.TC_Scenario_03" name="step140_ClickOrderstxtFromSalesIcon" time="13.169"/>
  <testcase classname="src.in.valtech.cl.scenarios.TC_Scenario_03" name="step101_VerifiedPaymentoptions" time="2.215"/>
  <testcase classname="src.in.valtech.cl.scenarios.TC_Scenario_03" name="step133_ClickCaseMgmtOPtionINAdyen" time="61.745">
    <failure message="no such element: Unable to locate element: {&quot;method&quot;:&quot;xpath&quot;,&quot;selector&quot;:&quot;//span[@title=&#039;Risk&#039;]&quot;}
  (Session info: chrome=121.0.6167.185)
For documentation on this error, please visit: https://www.seleniumhq.org/exceptions/no_such_element.html
Build info: version: &#039;3.141.59&#039;, revision: &#039;e82be7d358&#039;, time: &#039;2018-11-14T08:17:03&#039;
System info: host: &#039;IN-PF42S2RF&#039;, ip: &#039;192.168.1.6&#039;, os.name: &#039;Windows 10&#039;, os.arch: &#039;amd64&#039;, os.version: &#039;10.0&#039;, java.version: &#039;11.0.2&#039;
Driver info: org.openqa.selenium.chrome.ChromeDriver
Capabilities {acceptInsecureCerts: false, browserName: chrome, browserVersion: 121.0.6167.185, chrome: {chromedriverVersion: 121.0.6167.85 (3f98d690ad7e..., userDataDir: C:\Users\CHAITR~1.BAB\AppDa...}, fedcm:accounts: true, goog:chromeOptions: {debuggerAddress: localhost:49766}, javascriptEnabled: true, networkConnectionEnabled: false, pageLoadStrategy: normal, platform: WINDOWS, platformName: WINDOWS, proxy: Proxy(), setWindowRect: true, strictFileInteractability: false, timeouts: {implicit: 0, pageLoad: 300000, script: 30000}, unhandledPromptBehavior: dismiss and notify, webauthn:extension:credBlob: true, webauthn:extension:largeBlob: true, webauthn:extension:minPinLength: true, webauthn:extension:prf: true, webauthn:virtualAuthenticators: true}
Session ID: fb4514b2d5008ff6ff67df6d91c626cb
*** Element info: {Using=xpath, value=//span[@title=&#039;Risk&#039;]}" type="org.openqa.selenium.NoSuchElementException">
      <![CDATA[org.openqa.selenium.NoSuchElementException: no such element: Unable to locate element: {"method":"xpath","selector":"//span[@title='Risk']"}
  (Session info: chrome=121.0.6167.185)
For documentation on this error, please visit: https://www.seleniumhq.org/exceptions/no_such_element.html
Build info: version: '3.141.59', revision: 'e82be7d358', time: '2018-11-14T08:17:03'
System info: host: 'IN-PF42S2RF', ip: '192.168.1.6', os.name: 'Windows 10', os.arch: 'amd64', os.version: '10.0', java.version: '11.0.2'
Driver info: org.openqa.selenium.chrome.ChromeDriver
Capabilities {acceptInsecureCerts: false, browserName: chrome, browserVersion: 121.0.6167.185, chrome: {chromedriverVersion: 121.0.6167.85 (3f98d690ad7e..., userDataDir: C:\Users\CHAITR~1.BAB\AppDa...}, fedcm:accounts: true, goog:chromeOptions: {debuggerAddress: localhost:49766}, javascriptEnabled: true, networkConnectionEnabled: false, pageLoadStrategy: normal, platform: WINDOWS, platformName: WINDOWS, proxy: Proxy(), setWindowRect: true, strictFileInteractability: false, timeouts: {implicit: 0, pageLoad: 300000, script: 30000}, unhandledPromptBehavior: dismiss and notify, webauthn:extension:credBlob: true, webauthn:extension:largeBlob: true, webauthn:extension:minPinLength: true, webauthn:extension:prf: true, webauthn:virtualAuthenticators: true}
Session ID: fb4514b2d5008ff6ff67df6d91c626cb
*** Element info: {Using=xpath, value=//span[@title='Risk']}
	at jdk.internal.reflect.GeneratedConstructorAccessor73.newInstance(Unknown Source)
	at java.base/jdk.internal.reflect.DelegatingConstructorAccessorImpl.newInstance(DelegatingConstructorAccessorImpl.java:45)
	at java.base/java.lang.reflect.Constructor.newInstance(Constructor.java:490)
	at org.openqa.selenium.remote.http.W3CHttpResponseCodec.createException(W3CHttpResponseCodec.java:185)
	at org.openqa.selenium.remote.http.W3CHttpResponseCodec.decode(W3CHttpResponseCodec.java:120)
	at org.openqa.selenium.remote.http.W3CHttpResponseCodec.decode(W3CHttpResponseCodec.java:49)
	at org.openqa.selenium.remote.HttpCommandExecutor.execute(HttpCommandExecutor.java:164)
	at org.openqa.selenium.remote.service.DriverCommandExecutor.execute(DriverCommandExecutor.java:83)
	at org.openqa.selenium.remote.RemoteWebDriver.execute(RemoteWebDriver.java:586)
	at org.openqa.selenium.remote.RemoteWebDriver.findElement(RemoteWebDriver.java:356)
	at org.openqa.selenium.remote.RemoteWebDriver.findElementByXPath(RemoteWebDriver.java:458)
	at org.openqa.selenium.By$ByXPath.findElement(By.java:353)
	at org.openqa.selenium.remote.RemoteWebDriver.findElement(RemoteWebDriver.java:348)
	at src.in.valtech.cl.back.pages.AdyenPage.Click_AdyenRiskTab(AdyenPage.java:157)
	at src.in.valtech.cl.scenarios.TC_Scenario_03.step133_ClickCaseMgmtOPtionINAdyen(TC_Scenario_03.java:1036)
	at java.base/jdk.internal.reflect.NativeMethodAccessorImpl.invoke0(Native Method)
	at java.base/jdk.internal.reflect.NativeMethodAccessorImpl.invoke(NativeMethodAccessorImpl.java:62)
	at java.base/jdk.internal.reflect.DelegatingMethodAccessorImpl.invoke(DelegatingMethodAccessorImpl.java:43)
	at java.base/java.lang.reflect.Method.invoke(Method.java:566)
	at org.testng.internal.MethodInvocationHelper.invokeMethod(MethodInvocationHelper.java:80)
	at org.testng.internal.Invoker.invokeMethod(Invoker.java:714)
	at org.testng.internal.Invoker.invokeTestMethod(Invoker.java:901)
	at org.testng.internal.Invoker.invokeTestMethods(Invoker.java:1231)
	at org.testng.internal.TestMethodWorker.invokeTestMethods(TestMethodWorker.java:127)
	at org.testng.internal.TestMethodWorker.run(TestMethodWorker.java:111)
	at org.testng.TestRunner.privateRun(TestRunner.java:767)
	at org.testng.TestRunner.run(TestRunner.java:617)
	at org.testng.SuiteRunner.runTest(SuiteRunner.java:334)
	at org.testng.SuiteRunner.access$000(SuiteRunner.java:37)
	at org.testng.SuiteRunner$SuiteWorker.run(SuiteRunner.java:368)
	at org.testng.internal.thread.ThreadUtil$2.call(ThreadUtil.java:64)
	at java.base/java.util.concurrent.FutureTask.run(FutureTask.java:264)
	at java.base/java.util.concurrent.ThreadPoolExecutor.runWorker(ThreadPoolExecutor.java:1128)
	at java.base/java.util.concurrent.ThreadPoolExecutor$Worker.run(ThreadPoolExecutor.java:628)
	at java.base/java.lang.Thread.run(Thread.java:834)
]]>
    </failure>
  </testcase> <!-- step133_ClickCaseMgmtOPtionINAdyen -->
  <testcase classname="src.in.valtech.cl.scenarios.TC_Scenario_03" name="step05_VerificationOfFooterLinks" time="1.201"/>
  <testcase classname="src.in.valtech.cl.scenarios.TC_Scenario_03" name="step54_ClosePDPConfirmationMessagePopUPModal" time="5.527"/>
  <testcase classname="src.in.valtech.cl.scenarios.TC_Scenario_03" name="step30_ClickCreateCustomerAccountBtn" time="7.522"/>
  <testcase classname="src.in.valtech.cl.scenarios.TC_Scenario_03" name="step132_LoggedIntoAdyen" time="43.535"/>
  <testcase classname="src.in.valtech.cl.scenarios.TC_Scenario_03" name="step44_ClickOnInStoreAvailabilityButtonAndCloseOverlay" time="0.015"/>
  <testcase classname="src.in.valtech.cl.scenarios.TC_Scenario_03" name="step135_ClickOnRejectedBtn" time="44.156"/>
  <testcase classname="src.in.valtech.cl.scenarios.TC_Scenario_03" name="step52_ClickonAddToCartButton" time="7.933"/>
  <testcase classname="src.in.valtech.cl.scenarios.TC_Scenario_03" name="step108_EnteredLastNameField" time="0.000"/>
  <testcase classname="src.in.valtech.cl.scenarios.TC_Scenario_03" name="step139_NavigatedIntoMangetoAndVerifiedOrderStatusInOrdersPage" time="12.903"/>
  <testcase classname="src.in.valtech.cl.scenarios.TC_Scenario_03" name="step40_VerifiedProductPriceinPDP" time="2.426"/>
  <testcase classname="src.in.valtech.cl.scenarios.TC_Scenario_03" name="step122_VerifiedYourOrderID" time="2.159"/>
  <testcase classname="src.in.valtech.cl.scenarios.TC_Scenario_03" name="step08_OpenNewTabAndNavigatedtoMagentoBO" time="6.533"/>
  <testcase classname="src.in.valtech.cl.scenarios.TC_Scenario_03" name="step114_ClickOnUpdateBtn" time="0.011"/>
  <testcase classname="src.in.valtech.cl.scenarios.TC_Scenario_03" name="step89_EnteredAddressNameField" time="2.594"/>
  <testcase classname="src.in.valtech.cl.scenarios.TC_Scenario_03" name="step127_NavigatedBackToMagentoAndClickOnSalesIcon" time="12.287"/>
  <testcase classname="src.in.valtech.cl.scenarios.TC_Scenario_03" name="step84_SearchForProductSeleableStockInBO" time="31.319"/>
  <testcase classname="src.in.valtech.cl.scenarios.TC_Scenario_03" name="step76_VerifyReservedStock" time="10.055"/>
  <testcase classname="src.in.valtech.cl.scenarios.TC_Scenario_03" name="step50_ClickonShippingAndVerifiedContent" time="25.926"/>
  <testcase classname="src.in.valtech.cl.scenarios.TC_Scenario_03" name="step02_VerificationOfHomepageLogo" time="43.575"/>
  <testcase classname="src.in.valtech.cl.scenarios.TC_Scenario_03" name="step23_EnterLastNameField" time="4.400"/>
  <testcase classname="src.in.valtech.cl.scenarios.TC_Scenario_03" name="step109_EnteredAddressField" time="0.000"/>
  <testcase classname="src.in.valtech.cl.scenarios.TC_Scenario_03" name="step119_CheckedOnPrivacyPolicyAndReturnPolicyCheckbox" time="14.412"/>
  <testcase classname="src.in.valtech.cl.scenarios.TC_Scenario_03" name="step33_VerifiedMyAccountPageContents" time="2.508"/>
  <testcase classname="src.in.valtech.cl.scenarios.TC_Scenario_03" name="step26_EnterPasswordField" time="4.300"/>
  <testcase classname="src.in.valtech.cl.scenarios.TC_Scenario_03" name="step100_ClickOnContinueToPayemntButton" time="9.304"/>
</testsuite> <!-- src.in.valtech.cl.scenarios.TC_Scenario_03 -->
