<?xml version="1.0" encoding="UTF-8"?>
<!-- Generated by org.testng.reporters.JUnitReportReporter -->
<testsuite hostname="IN-PF42S2RF" failures="5" tests="172" name="src.in.valtech.cl.scenarios.TC_Scenario_01" time="4629.717" errors="2" timestamp="27 Feb 2024 14:31:02 GMT">
  <testcase classname="src.in.valtech.cl.scenarios.TC_Scenario_01" name="step70_VerifyPaymentSection" time="0.003"/>
  <testcase classname="src.in.valtech.cl.scenarios.TC_Scenario_01" name="step175_VerifyReturnRequestConfirmationMailContents" time="6.221"/>
  <testcase classname="src.in.valtech.cl.scenarios.TC_Scenario_01" name="step116_NavigatedIntoMangetoAndVerifiedOrderStatusInOrdersPage" time="146.248"/>
  <testcase classname="src.in.valtech.cl.scenarios.TC_Scenario_01" name="step55_ClickProductstxtFromCatalogIcon" time="29.044"/>
  <testcase classname="src.in.valtech.cl.scenarios.TC_Scenario_01" name="step119_EnterOrderIDinPaymentTab_adyen" time="42.147"/>
  <testcase classname="src.in.valtech.cl.scenarios.TC_Scenario_01" name="step60_ClickOnCompletecartLnkAndVerifyDetails_MainCart" time="49.411"/>
  <testcase classname="src.in.valtech.cl.scenarios.TC_Scenario_01" name="step161_ClickOnSalesIcon" time="10.300"/>
  <testcase classname="src.in.valtech.cl.scenarios.TC_Scenario_01" name="step27_VerifiedAddtoCartbtnInPDP" time="0.094"/>
  <testcase classname="src.in.valtech.cl.scenarios.TC_Scenario_01" name="step148_VerifiedOrderStatusInOrdersPage" time="62.506"/>
  <testcase classname="src.in.valtech.cl.scenarios.TC_Scenario_01" name="step02_VerificationOfHomepageLogo" time="1.128"/>
  <testcase classname="src.in.valtech.cl.scenarios.TC_Scenario_01" name="step51_EnteredPasswordField" time="5.495"/>
  <testcase classname="src.in.valtech.cl.scenarios.TC_Scenario_01" name="step65_ClickonExistingAdressinShipping" time="0.349"/>
  <testcase classname="src.in.valtech.cl.scenarios.TC_Scenario_01" name="step154_ClearQuntAndClickOnUpdateQTY_CreditMemo" time="13.435"/>
  <testcase classname="src.in.valtech.cl.scenarios.TC_Scenario_01" name="step134_EnterRMAID_SearchForOrderDetails_ClickOnReceptionButton" time="107.886"/>
  <testcase classname="src.in.valtech.cl.scenarios.TC_Scenario_01" name="step16_VerifyConsentChecbox" time="0.011"/>
  <testcase classname="src.in.valtech.cl.scenarios.TC_Scenario_01" name="step80_VerifiedYourOrderID" time="2.142"/>
  <testcase classname="src.in.valtech.cl.scenarios.TC_Scenario_01" name="step11_ClickMyAccountBtn" time="5.382"/>
  <testcase classname="src.in.valtech.cl.scenarios.TC_Scenario_01" name="step97_VerifiedSaleableStockQntyDecBy1InBOAferPlacingTheOrder" time="78.253"/>
  <testcase classname="src.in.valtech.cl.scenarios.TC_Scenario_01" name="step52_ClickOnSignInButton" time="75.951"/>
  <testcase classname="src.in.valtech.cl.scenarios.TC_Scenario_01" name="step103_NavigatedIntoWMSAndGetBarcodeFromPickingProcess" time="14.897"/>
  <testcase classname="src.in.valtech.cl.scenarios.TC_Scenario_01" name="step125_NavigatedIntoMangetoAndClickOnReturnsFromSales" time="32.426"/>
  <testcase classname="src.in.valtech.cl.scenarios.TC_Scenario_01" name="step107_EnteredBarcodeAndSearchForPacking" time="19.333"/>
  <testcase classname="src.in.valtech.cl.scenarios.TC_Scenario_01" name="step160_VerifiedOrderStatusInOrdersPage" time="87.772"/>
  <testcase classname="src.in.valtech.cl.scenarios.TC_Scenario_01" name="step26_VerifiedProductBrandNametxtInPDP" time="2.524"/>
  <testcase classname="src.in.valtech.cl.scenarios.TC_Scenario_01" name="step19_MouseOverOnMenHeaderNavigation" time="0.868"/>
  <testcase classname="src.in.valtech.cl.scenarios.TC_Scenario_01" name="step33_ClosePDPConfirmationMessagePopUPModal" time="5.861"/>
  <testcase classname="src.in.valtech.cl.scenarios.TC_Scenario_01" name="step89_VerifiedOrderStatusInOrdersPage" time="230.216"/>
  <testcase classname="src.in.valtech.cl.scenarios.TC_Scenario_01" name="step58_ClickOnMinicartIcon" time="11.787"/>
  <testcase classname="src.in.valtech.cl.scenarios.TC_Scenario_01" name="step77_ClickOnProceedButton" time="10.912"/>
  <testcase classname="src.in.valtech.cl.scenarios.TC_Scenario_01" name="step155_EnterShippingFeeAndClickOnUpdate_CreditMemo" time="12.043"/>
  <testcase classname="src.in.valtech.cl.scenarios.TC_Scenario_01" name="step174_VerifyShippingConfirmationMailContents" time="5.838"/>
  <testcase classname="src.in.valtech.cl.scenarios.TC_Scenario_01" name="step62_VerifyGiftHeadertextAndDefaultGiftWrapSelected" time="0.295"/>
  <testcase classname="src.in.valtech.cl.scenarios.TC_Scenario_01" name="step66_VerifyDefaultValuesinShipping" time="0.168"/>
  <testcase classname="src.in.valtech.cl.scenarios.TC_Scenario_01" name="step82_ClickMyAccountBtn" time="10.555"/>
  <testcase classname="src.in.valtech.cl.scenarios.TC_Scenario_01" name="step101_VerifiedPickingOrderSuccessMsg" time="3.157"/>
  <testcase classname="src.in.valtech.cl.scenarios.TC_Scenario_01" name="step158_ClickOnSalesIcon" time="10.510"/>
  <testcase classname="src.in.valtech.cl.scenarios.TC_Scenario_01" name="step173_VerifiedOrderConfirmationMailAndSubjectLineInCustomerGmailAccount" time="7.155"/>
  <testcase classname="src.in.valtech.cl.scenarios.TC_Scenario_01" name="step117_NaviagtedIntoFOAndVerifiedOrderStatusInMyOrdersPage" time="18.073"/>
  <testcase classname="src.in.valtech.cl.scenarios.TC_Scenario_01" name="step05_VerificationOfHeaderNavigationText" time="2.811"/>
  <testcase classname="src.in.valtech.cl.scenarios.TC_Scenario_01" name="step59_VerifiedAllDetailsInsideMiniCart" time="28.577"/>
  <testcase classname="src.in.valtech.cl.scenarios.TC_Scenario_01" name="step139_VerifiedOrderStatusInReturnsPage" time="69.037"/>
  <testcase classname="src.in.valtech.cl.scenarios.TC_Scenario_01" name="step142_EnterValueInApprovedField" time="9.336"/>
  <testcase classname="src.in.valtech.cl.scenarios.TC_Scenario_01" name="step152_ClickonViewOptioninOrderGrid" time="16.512"/>
  <testcase classname="src.in.valtech.cl.scenarios.TC_Scenario_01" name="step109_ClickOnCompletePackingBtn" time="22.233"/>
  <testcase classname="src.in.valtech.cl.scenarios.TC_Scenario_01" name="step78_VerifiedSuccessMsgAfterPlacingOrder" time="7.187"/>
  <testcase classname="src.in.valtech.cl.scenarios.TC_Scenario_01" name="step114_NaviagtedIntoFOAndVerifiedOrderStatusInMyOrdersPage" time="16.832"/>
  <testcase classname="src.in.valtech.cl.scenarios.TC_Scenario_01" name="step143_SelectApprovedOptionFromStatusDropdown" time="4.440"/>
  <testcase classname="src.in.valtech.cl.scenarios.TC_Scenario_01" name="step08_VerificationOfFooterLinks" time="1.636"/>
  <testcase classname="src.in.valtech.cl.scenarios.TC_Scenario_01" name="step03_VerificationOfHomepagePictures" time="59.792"/>
  <testcase classname="src.in.valtech.cl.scenarios.TC_Scenario_01" name="step41_LoggedIntoWMS" time="23.731"/>
  <testcase classname="src.in.valtech.cl.scenarios.TC_Scenario_01" name="step100_NavigatedBackIntoWMSANDPickingOrderProcess" time="69.183"/>
  <testcase classname="src.in.valtech.cl.scenarios.TC_Scenario_01" name="step157_VerifySuccessMsgForCreateCreditMemo" time="5.363"/>
  <testcase classname="src.in.valtech.cl.scenarios.TC_Scenario_01" name="step172_ComparedSeleableStockInWMSAndBOBothAreSameAfterRefundTheOrder" time="128.178"/>
  <testcase classname="src.in.valtech.cl.scenarios.TC_Scenario_01" name="step79_VerifiedContinueShoppingButton" time="0.044"/>
  <testcase classname="src.in.valtech.cl.scenarios.TC_Scenario_01" name="step170_VerifyOrderTotalAmtIN_adyen" time="20.061">
    <failure message="no such element: Unable to locate element: {&quot;method&quot;:&quot;xpath&quot;,&quot;selector&quot;:&quot;//td[contains(text(),&#039;24000000031&#039;)]//following-sibling::td[3]&quot;}
  (Session info: chrome=121.0.6167.185)
For documentation on this error, please visit: https://www.seleniumhq.org/exceptions/no_such_element.html
Build info: version: &#039;3.141.59&#039;, revision: &#039;e82be7d358&#039;, time: &#039;2018-11-14T08:17:03&#039;
System info: host: &#039;IN-PF42S2RF&#039;, ip: &#039;192.168.1.6&#039;, os.name: &#039;Windows 10&#039;, os.arch: &#039;amd64&#039;, os.version: &#039;10.0&#039;, java.version: &#039;11.0.2&#039;
Driver info: org.openqa.selenium.chrome.ChromeDriver
Capabilities {acceptInsecureCerts: false, browserName: chrome, browserVersion: 121.0.6167.185, chrome: {chromedriverVersion: 121.0.6167.85 (3f98d690ad7e..., userDataDir: C:\Users\CHAITR~1.BAB\AppDa...}, fedcm:accounts: true, goog:chromeOptions: {debuggerAddress: localhost:49803}, javascriptEnabled: true, networkConnectionEnabled: false, pageLoadStrategy: normal, platform: WINDOWS, platformName: WINDOWS, proxy: Proxy(), setWindowRect: true, strictFileInteractability: false, timeouts: {implicit: 0, pageLoad: 300000, script: 30000}, unhandledPromptBehavior: dismiss and notify, webauthn:extension:credBlob: true, webauthn:extension:largeBlob: true, webauthn:extension:minPinLength: true, webauthn:extension:prf: true, webauthn:virtualAuthenticators: true}
Session ID: 9a89f617d384e064b22dfc1b889e2d25
*** Element info: {Using=xpath, value=//td[contains(text(),&#039;24000000031&#039;)]//following-sibling::td[3]}" type="org.openqa.selenium.NoSuchElementException">
      <![CDATA[org.openqa.selenium.NoSuchElementException: no such element: Unable to locate element: {"method":"xpath","selector":"//td[contains(text(),'24000000031')]//following-sibling::td[3]"}
  (Session info: chrome=121.0.6167.185)
For documentation on this error, please visit: https://www.seleniumhq.org/exceptions/no_such_element.html
Build info: version: '3.141.59', revision: 'e82be7d358', time: '2018-11-14T08:17:03'
System info: host: 'IN-PF42S2RF', ip: '192.168.1.6', os.name: 'Windows 10', os.arch: 'amd64', os.version: '10.0', java.version: '11.0.2'
Driver info: org.openqa.selenium.chrome.ChromeDriver
Capabilities {acceptInsecureCerts: false, browserName: chrome, browserVersion: 121.0.6167.185, chrome: {chromedriverVersion: 121.0.6167.85 (3f98d690ad7e..., userDataDir: C:\Users\CHAITR~1.BAB\AppDa...}, fedcm:accounts: true, goog:chromeOptions: {debuggerAddress: localhost:49803}, javascriptEnabled: true, networkConnectionEnabled: false, pageLoadStrategy: normal, platform: WINDOWS, platformName: WINDOWS, proxy: Proxy(), setWindowRect: true, strictFileInteractability: false, timeouts: {implicit: 0, pageLoad: 300000, script: 30000}, unhandledPromptBehavior: dismiss and notify, webauthn:extension:credBlob: true, webauthn:extension:largeBlob: true, webauthn:extension:minPinLength: true, webauthn:extension:prf: true, webauthn:virtualAuthenticators: true}
Session ID: 9a89f617d384e064b22dfc1b889e2d25
*** Element info: {Using=xpath, value=//td[contains(text(),'24000000031')]//following-sibling::td[3]}
	at jdk.internal.reflect.GeneratedConstructorAccessor73.newInstance(Unknown Source)
	at java.base/jdk.internal.reflect.DelegatingConstructorAccessorImpl.newInstance(DelegatingConstructorAccessorImpl.java:45)
	at java.base/java.lang.reflect.Constructor.newInstance(Constructor.java:490)
	at org.openqa.selenium.remote.http.W3CHttpResponseCodec.createException(W3CHttpResponseCodec.java:185)
	at org.openqa.selenium.remote.http.W3CHttpResponseCodec.decode(W3CHttpResponseCodec.java:120)
	at org.openqa.selenium.remote.http.W3CHttpResponseCodec.decode(W3CHttpResponseCodec.java:49)
	at org.openqa.selenium.remote.HttpCommandExecutor.execute(HttpCommandExecutor.java:164)
	at org.openqa.selenium.remote.service.DriverCommandExecutor.execute(DriverCommandExecutor.java:83)
	at org.openqa.selenium.remote.RemoteWebDriver.execute(RemoteWebDriver.java:586)
	at org.openqa.selenium.remote.RemoteWebDriver.findElement(RemoteWebDriver.java:356)
	at org.openqa.selenium.remote.RemoteWebDriver.findElementByXPath(RemoteWebDriver.java:458)
	at org.openqa.selenium.By$ByXPath.findElement(By.java:353)
	at org.openqa.selenium.remote.RemoteWebDriver.findElement(RemoteWebDriver.java:348)
	at src.in.valtech.cl.back.pages.AdyenPage.Verify_AdyenOrderAmount(AdyenPage.java:279)
	at src.in.valtech.cl.scenarios.TC_Scenario_01.step170_VerifyOrderTotalAmtIN_adyen(TC_Scenario_01.java:1614)
	at java.base/jdk.internal.reflect.NativeMethodAccessorImpl.invoke0(Native Method)
	at java.base/jdk.internal.reflect.NativeMethodAccessorImpl.invoke(NativeMethodAccessorImpl.java:62)
	at java.base/jdk.internal.reflect.DelegatingMethodAccessorImpl.invoke(DelegatingMethodAccessorImpl.java:43)
	at java.base/java.lang.reflect.Method.invoke(Method.java:566)
	at org.testng.internal.MethodInvocationHelper.invokeMethod(MethodInvocationHelper.java:80)
	at org.testng.internal.Invoker.invokeMethod(Invoker.java:714)
	at org.testng.internal.Invoker.invokeTestMethod(Invoker.java:901)
	at org.testng.internal.Invoker.invokeTestMethods(Invoker.java:1231)
	at org.testng.internal.TestMethodWorker.invokeTestMethods(TestMethodWorker.java:127)
	at org.testng.internal.TestMethodWorker.run(TestMethodWorker.java:111)
	at org.testng.TestRunner.privateRun(TestRunner.java:767)
	at org.testng.TestRunner.run(TestRunner.java:617)
	at org.testng.SuiteRunner.runTest(SuiteRunner.java:334)
	at org.testng.SuiteRunner.access$000(SuiteRunner.java:37)
	at org.testng.SuiteRunner$SuiteWorker.run(SuiteRunner.java:368)
	at org.testng.internal.thread.ThreadUtil$2.call(ThreadUtil.java:64)
	at java.base/java.util.concurrent.FutureTask.run(FutureTask.java:264)
	at java.base/java.util.concurrent.ThreadPoolExecutor.runWorker(ThreadPoolExecutor.java:1128)
	at java.base/java.util.concurrent.ThreadPoolExecutor$Worker.run(ThreadPoolExecutor.java:628)
	at java.base/java.lang.Thread.run(Thread.java:834)
]]>
    </failure>
  </testcase> <!-- step170_VerifyOrderTotalAmtIN_adyen -->
  <testcase classname="src.in.valtech.cl.scenarios.TC_Scenario_01" name="step43_MouseOverElementOnDataListsMenu" time="13.717"/>
  <testcase classname="src.in.valtech.cl.scenarios.TC_Scenario_01" name="step92_LoggedIntoAdyen" time="42.969"/>
  <testcase classname="src.in.valtech.cl.scenarios.TC_Scenario_01" name="step39_VerifiedPDPConfirmationMessagePopUPModal" time="13.124"/>
  <testcase classname="src.in.valtech.cl.scenarios.TC_Scenario_01" name="step24_VerifiedProductNameinPDP" time="2.588"/>
  <testcase classname="src.in.valtech.cl.scenarios.TC_Scenario_01" name="step90_EnterOrderIDInBOSearchFld" time="26.492"/>
  <testcase classname="src.in.valtech.cl.scenarios.TC_Scenario_01" name="step10_VerificationOfFooterSocialIcons" time="0.484"/>
  <testcase classname="src.in.valtech.cl.scenarios.TC_Scenario_01" name="step28_ClickOnInStoreAvailabilityButtonAndCloseOverlay" time="0.011"/>
  <testcase classname="src.in.valtech.cl.scenarios.TC_Scenario_01" name="step99_ComparedSeleableStockInWMSAndBOBothAreSame" time="69.464"/>
  <testcase classname="src.in.valtech.cl.scenarios.TC_Scenario_01" name="step176_VerifyReturnReceptionConfirmationMailContents" time="5.912"/>
  <testcase classname="src.in.valtech.cl.scenarios.TC_Scenario_01" name="step54_ClickOnCatalogIcon" time="10.914"/>
  <testcase classname="src.in.valtech.cl.scenarios.TC_Scenario_01" name="step83_ClickMyOrdersLink" time="9.912"/>
  <testcase classname="src.in.valtech.cl.scenarios.TC_Scenario_01" name="step21_ClickOnFilterButtonFromPLP" time="5.316"/>
  <testcase classname="src.in.valtech.cl.scenarios.TC_Scenario_01" name="step113_NavigatedIntoMangetoAndVerifiedOrderStatusInOrdersPage" time="83.558"/>
  <testcase classname="src.in.valtech.cl.scenarios.TC_Scenario_01" name="step72_EnteredCreditNumberField" time="2.419"/>
  <testcase classname="src.in.valtech.cl.scenarios.TC_Scenario_01" name="step47_VerifyInitialSaleableStock" time="12.859"/>
  <testcase classname="src.in.valtech.cl.scenarios.TC_Scenario_01" name="step112_ClickOnHomePopupBtn" time="7.145"/>
  <testcase classname="src.in.valtech.cl.scenarios.TC_Scenario_01" name="step128_ClickOnSalesIcon" time="10.201"/>
  <testcase classname="src.in.valtech.cl.scenarios.TC_Scenario_01" name="step145_VerifySuccessMsgForSavedRMARequest" time="0.319"/>
  <testcase classname="src.in.valtech.cl.scenarios.TC_Scenario_01" name="step20_ClickOnShoesSubcategory" time="14.870"/>
  <testcase classname="src.in.valtech.cl.scenarios.TC_Scenario_01" name="step131_NaviagtedIntoFOAndVerifiedOrderStatusInMyOrdersPage" time="23.166"/>
  <testcase classname="src.in.valtech.cl.scenarios.TC_Scenario_01" name="step22_SelectColorFromFilter" time="12.111"/>
  <testcase classname="src.in.valtech.cl.scenarios.TC_Scenario_01" name="step126_ClickONFiltersAndEnterRMAID" time="481.784"/>
  <testcase classname="src.in.valtech.cl.scenarios.TC_Scenario_01" name="step71_Click_DiffShippingAddressFromPayment" time="0.000"/>
  <testcase classname="src.in.valtech.cl.scenarios.TC_Scenario_01" name="step84_VerifyOrderdetailsInOrderspage" time="0.454">
    <error message="expected [null] but found [Commande en cours de validation]" type="java.lang.AssertionError">
      <![CDATA[java.lang.AssertionError: expected [null] but found [Commande en cours de validation]
	at org.testng.Assert.fail(Assert.java:94)
	at org.testng.Assert.failNotEquals(Assert.java:494)
	at org.testng.Assert.assertEquals(Assert.java:123)
	at org.testng.Assert.assertEquals(Assert.java:176)
	at org.testng.Assert.assertEquals(Assert.java:186)
	at src.in.valtech.cl.scenarios.TC_Scenario_01.step84_VerifyOrderdetailsInOrderspage(TC_Scenario_01.java:755)
	at java.base/jdk.internal.reflect.NativeMethodAccessorImpl.invoke0(Native Method)
	at java.base/jdk.internal.reflect.NativeMethodAccessorImpl.invoke(NativeMethodAccessorImpl.java:62)
	at java.base/jdk.internal.reflect.DelegatingMethodAccessorImpl.invoke(DelegatingMethodAccessorImpl.java:43)
	at java.base/java.lang.reflect.Method.invoke(Method.java:566)
	at org.testng.internal.MethodInvocationHelper.invokeMethod(MethodInvocationHelper.java:80)
	at org.testng.internal.Invoker.invokeMethod(Invoker.java:714)
	at org.testng.internal.Invoker.invokeTestMethod(Invoker.java:901)
	at org.testng.internal.Invoker.invokeTestMethods(Invoker.java:1231)
	at org.testng.internal.TestMethodWorker.invokeTestMethods(TestMethodWorker.java:127)
	at org.testng.internal.TestMethodWorker.run(TestMethodWorker.java:111)
	at org.testng.TestRunner.privateRun(TestRunner.java:767)
	at org.testng.TestRunner.run(TestRunner.java:617)
	at org.testng.SuiteRunner.runTest(SuiteRunner.java:334)
	at org.testng.SuiteRunner.access$000(SuiteRunner.java:37)
	at org.testng.SuiteRunner$SuiteWorker.run(SuiteRunner.java:368)
	at org.testng.internal.thread.ThreadUtil$2.call(ThreadUtil.java:64)
	at java.base/java.util.concurrent.FutureTask.run(FutureTask.java:264)
	at java.base/java.util.concurrent.ThreadPoolExecutor.runWorker(ThreadPoolExecutor.java:1128)
	at java.base/java.util.concurrent.ThreadPoolExecutor$Worker.run(ThreadPoolExecutor.java:628)
	at java.base/java.lang.Thread.run(Thread.java:834)
]]>
    </error>
  </testcase> <!-- step84_VerifyOrderdetailsInOrderspage -->
  <testcase classname="src.in.valtech.cl.scenarios.TC_Scenario_01" name="step93_ClickCaseMgmtOPtionINAdyen" time="61.947">
    <failure message="no such element: Unable to locate element: {&quot;method&quot;:&quot;xpath&quot;,&quot;selector&quot;:&quot;//span[@title=&#039;Risk&#039;]&quot;}
  (Session info: chrome=121.0.6167.185)
For documentation on this error, please visit: https://www.seleniumhq.org/exceptions/no_such_element.html
Build info: version: &#039;3.141.59&#039;, revision: &#039;e82be7d358&#039;, time: &#039;2018-11-14T08:17:03&#039;
System info: host: &#039;IN-PF42S2RF&#039;, ip: &#039;192.168.1.6&#039;, os.name: &#039;Windows 10&#039;, os.arch: &#039;amd64&#039;, os.version: &#039;10.0&#039;, java.version: &#039;11.0.2&#039;
Driver info: org.openqa.selenium.chrome.ChromeDriver
Capabilities {acceptInsecureCerts: false, browserName: chrome, browserVersion: 121.0.6167.185, chrome: {chromedriverVersion: 121.0.6167.85 (3f98d690ad7e..., userDataDir: C:\Users\CHAITR~1.BAB\AppDa...}, fedcm:accounts: true, goog:chromeOptions: {debuggerAddress: localhost:49803}, javascriptEnabled: true, networkConnectionEnabled: false, pageLoadStrategy: normal, platform: WINDOWS, platformName: WINDOWS, proxy: Proxy(), setWindowRect: true, strictFileInteractability: false, timeouts: {implicit: 0, pageLoad: 300000, script: 30000}, unhandledPromptBehavior: dismiss and notify, webauthn:extension:credBlob: true, webauthn:extension:largeBlob: true, webauthn:extension:minPinLength: true, webauthn:extension:prf: true, webauthn:virtualAuthenticators: true}
Session ID: 9a89f617d384e064b22dfc1b889e2d25
*** Element info: {Using=xpath, value=//span[@title=&#039;Risk&#039;]}" type="org.openqa.selenium.NoSuchElementException">
      <![CDATA[org.openqa.selenium.NoSuchElementException: no such element: Unable to locate element: {"method":"xpath","selector":"//span[@title='Risk']"}
  (Session info: chrome=121.0.6167.185)
For documentation on this error, please visit: https://www.seleniumhq.org/exceptions/no_such_element.html
Build info: version: '3.141.59', revision: 'e82be7d358', time: '2018-11-14T08:17:03'
System info: host: 'IN-PF42S2RF', ip: '192.168.1.6', os.name: 'Windows 10', os.arch: 'amd64', os.version: '10.0', java.version: '11.0.2'
Driver info: org.openqa.selenium.chrome.ChromeDriver
Capabilities {acceptInsecureCerts: false, browserName: chrome, browserVersion: 121.0.6167.185, chrome: {chromedriverVersion: 121.0.6167.85 (3f98d690ad7e..., userDataDir: C:\Users\CHAITR~1.BAB\AppDa...}, fedcm:accounts: true, goog:chromeOptions: {debuggerAddress: localhost:49803}, javascriptEnabled: true, networkConnectionEnabled: false, pageLoadStrategy: normal, platform: WINDOWS, platformName: WINDOWS, proxy: Proxy(), setWindowRect: true, strictFileInteractability: false, timeouts: {implicit: 0, pageLoad: 300000, script: 30000}, unhandledPromptBehavior: dismiss and notify, webauthn:extension:credBlob: true, webauthn:extension:largeBlob: true, webauthn:extension:minPinLength: true, webauthn:extension:prf: true, webauthn:virtualAuthenticators: true}
Session ID: 9a89f617d384e064b22dfc1b889e2d25
*** Element info: {Using=xpath, value=//span[@title='Risk']}
	at jdk.internal.reflect.GeneratedConstructorAccessor73.newInstance(Unknown Source)
	at java.base/jdk.internal.reflect.DelegatingConstructorAccessorImpl.newInstance(DelegatingConstructorAccessorImpl.java:45)
	at java.base/java.lang.reflect.Constructor.newInstance(Constructor.java:490)
	at org.openqa.selenium.remote.http.W3CHttpResponseCodec.createException(W3CHttpResponseCodec.java:185)
	at org.openqa.selenium.remote.http.W3CHttpResponseCodec.decode(W3CHttpResponseCodec.java:120)
	at org.openqa.selenium.remote.http.W3CHttpResponseCodec.decode(W3CHttpResponseCodec.java:49)
	at org.openqa.selenium.remote.HttpCommandExecutor.execute(HttpCommandExecutor.java:164)
	at org.openqa.selenium.remote.service.DriverCommandExecutor.execute(DriverCommandExecutor.java:83)
	at org.openqa.selenium.remote.RemoteWebDriver.execute(RemoteWebDriver.java:586)
	at org.openqa.selenium.remote.RemoteWebDriver.findElement(RemoteWebDriver.java:356)
	at org.openqa.selenium.remote.RemoteWebDriver.findElementByXPath(RemoteWebDriver.java:458)
	at org.openqa.selenium.By$ByXPath.findElement(By.java:353)
	at org.openqa.selenium.remote.RemoteWebDriver.findElement(RemoteWebDriver.java:348)
	at src.in.valtech.cl.back.pages.AdyenPage.Click_AdyenRiskTab(AdyenPage.java:157)
	at src.in.valtech.cl.scenarios.TC_Scenario_01.step93_ClickCaseMgmtOPtionINAdyen(TC_Scenario_01.java:829)
	at java.base/jdk.internal.reflect.NativeMethodAccessorImpl.invoke0(Native Method)
	at java.base/jdk.internal.reflect.NativeMethodAccessorImpl.invoke(NativeMethodAccessorImpl.java:62)
	at java.base/jdk.internal.reflect.DelegatingMethodAccessorImpl.invoke(DelegatingMethodAccessorImpl.java:43)
	at java.base/java.lang.reflect.Method.invoke(Method.java:566)
	at org.testng.internal.MethodInvocationHelper.invokeMethod(MethodInvocationHelper.java:80)
	at org.testng.internal.Invoker.invokeMethod(Invoker.java:714)
	at org.testng.internal.Invoker.invokeTestMethod(Invoker.java:901)
	at org.testng.internal.Invoker.invokeTestMethods(Invoker.java:1231)
	at org.testng.internal.TestMethodWorker.invokeTestMethods(TestMethodWorker.java:127)
	at org.testng.internal.TestMethodWorker.run(TestMethodWorker.java:111)
	at org.testng.TestRunner.privateRun(TestRunner.java:767)
	at org.testng.TestRunner.run(TestRunner.java:617)
	at org.testng.SuiteRunner.runTest(SuiteRunner.java:334)
	at org.testng.SuiteRunner.access$000(SuiteRunner.java:37)
	at org.testng.SuiteRunner$SuiteWorker.run(SuiteRunner.java:368)
	at org.testng.internal.thread.ThreadUtil$2.call(ThreadUtil.java:64)
	at java.base/java.util.concurrent.FutureTask.run(FutureTask.java:264)
	at java.base/java.util.concurrent.ThreadPoolExecutor.runWorker(ThreadPoolExecutor.java:1128)
	at java.base/java.util.concurrent.ThreadPoolExecutor$Worker.run(ThreadPoolExecutor.java:628)
	at java.base/java.lang.Thread.run(Thread.java:834)
]]>
    </failure>
  </testcase> <!-- step93_ClickCaseMgmtOPtionINAdyen -->
  <testcase classname="src.in.valtech.cl.scenarios.TC_Scenario_01" name="step18_VerifyAllLeftSideProductSectionsDetailsINMAP" time="0.318"/>
  <testcase classname="src.in.valtech.cl.scenarios.TC_Scenario_01" name="step25_VerifiedProductPriceinPDP" time="2.123"/>
  <testcase classname="src.in.valtech.cl.scenarios.TC_Scenario_01" name="step122_ClickOnRMAProductReturnBtn" time="32.061"/>
  <testcase classname="src.in.valtech.cl.scenarios.TC_Scenario_01" name="step135_ExecuteRMAProcessinWMS" time="37.919"/>
  <testcase classname="src.in.valtech.cl.scenarios.TC_Scenario_01" name="step141_ClickOnReturnItems" time="9.387"/>
  <testcase classname="src.in.valtech.cl.scenarios.TC_Scenario_01" name="step91_OpenNewTabAndNavigatedtoAdyen" time="5.850"/>
  <testcase classname="src.in.valtech.cl.scenarios.TC_Scenario_01" name="step151_VerifiedOrderStatusInReturnsPage" time="44.091"/>
  <testcase classname="src.in.valtech.cl.scenarios.TC_Scenario_01" name="step120_VerifyOrderTotalAmtIN_adyen" time="20.037">
    <failure message="no such element: Unable to locate element: {&quot;method&quot;:&quot;xpath&quot;,&quot;selector&quot;:&quot;//td[contains(text(),&#039;24000000031&#039;)]//following-sibling::td[3]&quot;}
  (Session info: chrome=121.0.6167.185)
For documentation on this error, please visit: https://www.seleniumhq.org/exceptions/no_such_element.html
Build info: version: &#039;3.141.59&#039;, revision: &#039;e82be7d358&#039;, time: &#039;2018-11-14T08:17:03&#039;
System info: host: &#039;IN-PF42S2RF&#039;, ip: &#039;192.168.1.6&#039;, os.name: &#039;Windows 10&#039;, os.arch: &#039;amd64&#039;, os.version: &#039;10.0&#039;, java.version: &#039;11.0.2&#039;
Driver info: org.openqa.selenium.chrome.ChromeDriver
Capabilities {acceptInsecureCerts: false, browserName: chrome, browserVersion: 121.0.6167.185, chrome: {chromedriverVersion: 121.0.6167.85 (3f98d690ad7e..., userDataDir: C:\Users\CHAITR~1.BAB\AppDa...}, fedcm:accounts: true, goog:chromeOptions: {debuggerAddress: localhost:49803}, javascriptEnabled: true, networkConnectionEnabled: false, pageLoadStrategy: normal, platform: WINDOWS, platformName: WINDOWS, proxy: Proxy(), setWindowRect: true, strictFileInteractability: false, timeouts: {implicit: 0, pageLoad: 300000, script: 30000}, unhandledPromptBehavior: dismiss and notify, webauthn:extension:credBlob: true, webauthn:extension:largeBlob: true, webauthn:extension:minPinLength: true, webauthn:extension:prf: true, webauthn:virtualAuthenticators: true}
Session ID: 9a89f617d384e064b22dfc1b889e2d25
*** Element info: {Using=xpath, value=//td[contains(text(),&#039;24000000031&#039;)]//following-sibling::td[3]}" type="org.openqa.selenium.NoSuchElementException">
      <![CDATA[org.openqa.selenium.NoSuchElementException: no such element: Unable to locate element: {"method":"xpath","selector":"//td[contains(text(),'24000000031')]//following-sibling::td[3]"}
  (Session info: chrome=121.0.6167.185)
For documentation on this error, please visit: https://www.seleniumhq.org/exceptions/no_such_element.html
Build info: version: '3.141.59', revision: 'e82be7d358', time: '2018-11-14T08:17:03'
System info: host: 'IN-PF42S2RF', ip: '192.168.1.6', os.name: 'Windows 10', os.arch: 'amd64', os.version: '10.0', java.version: '11.0.2'
Driver info: org.openqa.selenium.chrome.ChromeDriver
Capabilities {acceptInsecureCerts: false, browserName: chrome, browserVersion: 121.0.6167.185, chrome: {chromedriverVersion: 121.0.6167.85 (3f98d690ad7e..., userDataDir: C:\Users\CHAITR~1.BAB\AppDa...}, fedcm:accounts: true, goog:chromeOptions: {debuggerAddress: localhost:49803}, javascriptEnabled: true, networkConnectionEnabled: false, pageLoadStrategy: normal, platform: WINDOWS, platformName: WINDOWS, proxy: Proxy(), setWindowRect: true, strictFileInteractability: false, timeouts: {implicit: 0, pageLoad: 300000, script: 30000}, unhandledPromptBehavior: dismiss and notify, webauthn:extension:credBlob: true, webauthn:extension:largeBlob: true, webauthn:extension:minPinLength: true, webauthn:extension:prf: true, webauthn:virtualAuthenticators: true}
Session ID: 9a89f617d384e064b22dfc1b889e2d25
*** Element info: {Using=xpath, value=//td[contains(text(),'24000000031')]//following-sibling::td[3]}
	at jdk.internal.reflect.GeneratedConstructorAccessor73.newInstance(Unknown Source)
	at java.base/jdk.internal.reflect.DelegatingConstructorAccessorImpl.newInstance(DelegatingConstructorAccessorImpl.java:45)
	at java.base/java.lang.reflect.Constructor.newInstance(Constructor.java:490)
	at org.openqa.selenium.remote.http.W3CHttpResponseCodec.createException(W3CHttpResponseCodec.java:185)
	at org.openqa.selenium.remote.http.W3CHttpResponseCodec.decode(W3CHttpResponseCodec.java:120)
	at org.openqa.selenium.remote.http.W3CHttpResponseCodec.decode(W3CHttpResponseCodec.java:49)
	at org.openqa.selenium.remote.HttpCommandExecutor.execute(HttpCommandExecutor.java:164)
	at org.openqa.selenium.remote.service.DriverCommandExecutor.execute(DriverCommandExecutor.java:83)
	at org.openqa.selenium.remote.RemoteWebDriver.execute(RemoteWebDriver.java:586)
	at org.openqa.selenium.remote.RemoteWebDriver.findElement(RemoteWebDriver.java:356)
	at org.openqa.selenium.remote.RemoteWebDriver.findElementByXPath(RemoteWebDriver.java:458)
	at org.openqa.selenium.By$ByXPath.findElement(By.java:353)
	at org.openqa.selenium.remote.RemoteWebDriver.findElement(RemoteWebDriver.java:348)
	at src.in.valtech.cl.back.pages.AdyenPage.Verify_AdyenOrderAmount(AdyenPage.java:279)
	at src.in.valtech.cl.scenarios.TC_Scenario_01.step120_VerifyOrderTotalAmtIN_adyen(TC_Scenario_01.java:1141)
	at java.base/jdk.internal.reflect.NativeMethodAccessorImpl.invoke0(Native Method)
	at java.base/jdk.internal.reflect.NativeMethodAccessorImpl.invoke(NativeMethodAccessorImpl.java:62)
	at java.base/jdk.internal.reflect.DelegatingMethodAccessorImpl.invoke(DelegatingMethodAccessorImpl.java:43)
	at java.base/java.lang.reflect.Method.invoke(Method.java:566)
	at org.testng.internal.MethodInvocationHelper.invokeMethod(MethodInvocationHelper.java:80)
	at org.testng.internal.Invoker.invokeMethod(Invoker.java:714)
	at org.testng.internal.Invoker.invokeTestMethod(Invoker.java:901)
	at org.testng.internal.Invoker.invokeTestMethods(Invoker.java:1231)
	at org.testng.internal.TestMethodWorker.invokeTestMethods(TestMethodWorker.java:127)
	at org.testng.internal.TestMethodWorker.run(TestMethodWorker.java:111)
	at org.testng.TestRunner.privateRun(TestRunner.java:767)
	at org.testng.TestRunner.run(TestRunner.java:617)
	at org.testng.SuiteRunner.runTest(SuiteRunner.java:334)
	at org.testng.SuiteRunner.access$000(SuiteRunner.java:37)
	at org.testng.SuiteRunner$SuiteWorker.run(SuiteRunner.java:368)
	at org.testng.internal.thread.ThreadUtil$2.call(ThreadUtil.java:64)
	at java.base/java.util.concurrent.FutureTask.run(FutureTask.java:264)
	at java.base/java.util.concurrent.ThreadPoolExecutor.runWorker(ThreadPoolExecutor.java:1128)
	at java.base/java.util.concurrent.ThreadPoolExecutor$Worker.run(ThreadPoolExecutor.java:628)
	at java.base/java.lang.Thread.run(Thread.java:834)
]]>
    </failure>
  </testcase> <!-- step120_VerifyOrderTotalAmtIN_adyen -->
  <testcase classname="src.in.valtech.cl.scenarios.TC_Scenario_01" name="step123_CreatingRMAFromFO" time="88.051"/>
  <testcase classname="src.in.valtech.cl.scenarios.TC_Scenario_01" name="step177_VerifyCreditMemoConfirmationMailContents" time="5.713"/>
  <testcase classname="src.in.valtech.cl.scenarios.TC_Scenario_01" name="step30_VerifiedColorSwatches" time="2.105"/>
  <testcase classname="src.in.valtech.cl.scenarios.TC_Scenario_01" name="step98_VerifySaleableStockDecBy1InWMSAferPlacingTheOrder" time="47.418"/>
  <testcase classname="src.in.valtech.cl.scenarios.TC_Scenario_01" name="step164_SwitchToFOTabAndClickOnMyAccountIcon" time="2.167"/>
  <testcase classname="src.in.valtech.cl.scenarios.TC_Scenario_01" name="step04_VerificationOfProductWidgets" time="0.170"/>
  <testcase classname="src.in.valtech.cl.scenarios.TC_Scenario_01" name="step166_VerifiedOrderStatusInMyOrdersPage" time="50.101"/>
  <testcase classname="src.in.valtech.cl.scenarios.TC_Scenario_01" name="step171_VerifyOrderRMAStatusIN_adyen" time="66.245">
    <failure message="Expected condition failed: waiting for presence of element located by: By.xpath: //td[contains(text(),&#039;24000000031&#039;)]//following-sibling::td[5] (tried for 50 second(s) with 500 milliseconds interval)" type="org.openqa.selenium.TimeoutException">
      <![CDATA[org.openqa.selenium.TimeoutException: Expected condition failed: waiting for presence of element located by: By.xpath: //td[contains(text(),'24000000031')]//following-sibling::td[5] (tried for 50 second(s) with 500 milliseconds interval)
	at org.openqa.selenium.support.ui.WebDriverWait.timeoutException(WebDriverWait.java:95)
	at org.openqa.selenium.support.ui.FluentWait.until(FluentWait.java:272)
	at src.in.valtech.custom.CustomFun.waitObjectToLoad(CustomFun.java:308)
	at src.in.valtech.cl.back.pages.AdyenPage.Verify_AdyenOrderIDStatus(AdyenPage.java:297)
	at src.in.valtech.cl.scenarios.TC_Scenario_01.step171_VerifyOrderRMAStatusIN_adyen(TC_Scenario_01.java:1621)
	at java.base/jdk.internal.reflect.NativeMethodAccessorImpl.invoke0(Native Method)
	at java.base/jdk.internal.reflect.NativeMethodAccessorImpl.invoke(NativeMethodAccessorImpl.java:62)
	at java.base/jdk.internal.reflect.DelegatingMethodAccessorImpl.invoke(DelegatingMethodAccessorImpl.java:43)
	at java.base/java.lang.reflect.Method.invoke(Method.java:566)
	at org.testng.internal.MethodInvocationHelper.invokeMethod(MethodInvocationHelper.java:80)
	at org.testng.internal.Invoker.invokeMethod(Invoker.java:714)
	at org.testng.internal.Invoker.invokeTestMethod(Invoker.java:901)
	at org.testng.internal.Invoker.invokeTestMethods(Invoker.java:1231)
	at org.testng.internal.TestMethodWorker.invokeTestMethods(TestMethodWorker.java:127)
	at org.testng.internal.TestMethodWorker.run(TestMethodWorker.java:111)
	at org.testng.TestRunner.privateRun(TestRunner.java:767)
	at org.testng.TestRunner.run(TestRunner.java:617)
	at org.testng.SuiteRunner.runTest(SuiteRunner.java:334)
	at org.testng.SuiteRunner.access$000(SuiteRunner.java:37)
	at org.testng.SuiteRunner$SuiteWorker.run(SuiteRunner.java:368)
	at org.testng.internal.thread.ThreadUtil$2.call(ThreadUtil.java:64)
	at java.base/java.util.concurrent.FutureTask.run(FutureTask.java:264)
	at java.base/java.util.concurrent.ThreadPoolExecutor.runWorker(ThreadPoolExecutor.java:1128)
	at java.base/java.util.concurrent.ThreadPoolExecutor$Worker.run(ThreadPoolExecutor.java:628)
	at java.base/java.lang.Thread.run(Thread.java:834)
Caused by: org.openqa.selenium.NoSuchElementException: no such element: Unable to locate element: {"method":"xpath","selector":"//td[contains(text(),'24000000031')]//following-sibling::td[5]"}
  (Session info: chrome=121.0.6167.185)
For documentation on this error, please visit: https://www.seleniumhq.org/exceptions/no_such_element.html
Build info: version: '3.141.59', revision: 'e82be7d358', time: '2018-11-14T08:17:03'
System info: host: 'IN-PF42S2RF', ip: '192.168.1.6', os.name: 'Windows 10', os.arch: 'amd64', os.version: '10.0', java.version: '11.0.2'
Driver info: org.openqa.selenium.chrome.ChromeDriver
Capabilities {acceptInsecureCerts: false, browserName: chrome, browserVersion: 121.0.6167.185, chrome: {chromedriverVersion: 121.0.6167.85 (3f98d690ad7e..., userDataDir: C:\Users\CHAITR~1.BAB\AppDa...}, fedcm:accounts: true, goog:chromeOptions: {debuggerAddress: localhost:49803}, javascriptEnabled: true, networkConnectionEnabled: false, pageLoadStrategy: normal, platform: WINDOWS, platformName: WINDOWS, proxy: Proxy(), setWindowRect: true, strictFileInteractability: false, timeouts: {implicit: 0, pageLoad: 300000, script: 30000}, unhandledPromptBehavior: dismiss and notify, webauthn:extension:credBlob: true, webauthn:extension:largeBlob: true, webauthn:extension:minPinLength: true, webauthn:extension:prf: true, webauthn:virtualAuthenticators: true}
Session ID: 9a89f617d384e064b22dfc1b889e2d25
*** Element info: {Using=xpath, value=//td[contains(text(),'24000000031')]//following-sibling::td[5]}
	at jdk.internal.reflect.GeneratedConstructorAccessor73.newInstance(Unknown Source)
	at java.base/jdk.internal.reflect.DelegatingConstructorAccessorImpl.newInstance(DelegatingConstructorAccessorImpl.java:45)
	at java.base/java.lang.reflect.Constructor.newInstance(Constructor.java:490)
	at org.openqa.selenium.remote.http.W3CHttpResponseCodec.createException(W3CHttpResponseCodec.java:185)
	at org.openqa.selenium.remote.http.W3CHttpResponseCodec.decode(W3CHttpResponseCodec.java:120)
	at org.openqa.selenium.remote.http.W3CHttpResponseCodec.decode(W3CHttpResponseCodec.java:49)
	at org.openqa.selenium.remote.HttpCommandExecutor.execute(HttpCommandExecutor.java:164)
	at org.openqa.selenium.remote.service.DriverCommandExecutor.execute(DriverCommandExecutor.java:83)
	at org.openqa.selenium.remote.RemoteWebDriver.execute(RemoteWebDriver.java:586)
	at org.openqa.selenium.remote.RemoteWebDriver.findElement(RemoteWebDriver.java:356)
	at org.openqa.selenium.remote.RemoteWebDriver.findElementByXPath(RemoteWebDriver.java:458)
	at org.openqa.selenium.By$ByXPath.findElement(By.java:353)
	at org.openqa.selenium.remote.RemoteWebDriver.findElement(RemoteWebDriver.java:348)
	at org.openqa.selenium.support.ui.ExpectedConditions$6.apply(ExpectedConditions.java:182)
	at org.openqa.selenium.support.ui.ExpectedConditions$6.apply(ExpectedConditions.java:179)
	at org.openqa.selenium.support.ui.FluentWait.until(FluentWait.java:249)
	... 23 more
]]>
    </failure>
  </testcase> <!-- step171_VerifyOrderRMAStatusIN_adyen -->
  <testcase classname="src.in.valtech.cl.scenarios.TC_Scenario_01" name="step67_VerifyShippingMethod" time="2.531"/>
  <testcase classname="src.in.valtech.cl.scenarios.TC_Scenario_01" name="step111_ClickOnValidateBtn" time="15.329"/>
  <testcase classname="src.in.valtech.cl.scenarios.TC_Scenario_01" name="step44_ClickOnProductsFromDataLists" time="10.703"/>
  <testcase classname="src.in.valtech.cl.scenarios.TC_Scenario_01" name="step17_VerifyAllRightSideProductSectionsDetailsINMAP" time="0.184"/>
  <testcase classname="src.in.valtech.cl.scenarios.TC_Scenario_01" name="step64_ClickUpdateBtn" time="5.471"/>
  <testcase classname="src.in.valtech.cl.scenarios.TC_Scenario_01" name="step149_ClickOnSalesIcon" time="10.182"/>
  <testcase classname="src.in.valtech.cl.scenarios.TC_Scenario_01" name="step162_ReturnstxtFromSalesIconClick" time="16.723"/>
  <testcase classname="src.in.valtech.cl.scenarios.TC_Scenario_01" name="step130_VerifiedOrderStatusInOrdersPage" time="62.121"/>
  <testcase classname="src.in.valtech.cl.scenarios.TC_Scenario_01" name="step06_VerificationOfHeaderRightIcons" time="0.267"/>
  <testcase classname="src.in.valtech.cl.scenarios.TC_Scenario_01" name="step104_NaviagtedIntoMangetoAndVerifiedOrderStatusInOrdersPage" time="186.433"/>
  <testcase classname="src.in.valtech.cl.scenarios.TC_Scenario_01" name="step48_VerifyReservedStock" time="10.134"/>
  <testcase classname="src.in.valtech.cl.scenarios.TC_Scenario_01" name="step165_ClickOnMyOrdersLink" time="20.193"/>
  <testcase classname="src.in.valtech.cl.scenarios.TC_Scenario_01" name="step140_ClickonViewOptioninOrderGrid" time="9.816"/>
  <testcase classname="src.in.valtech.cl.scenarios.TC_Scenario_01" name="step115_NavigatedIntoWMSAndProcessedwithShippingProcess" time="66.082"/>
  <testcase classname="src.in.valtech.cl.scenarios.TC_Scenario_01" name="step32_ClickOnSelectYourSizeButtonAndSelectAnySize" time="18.523"/>
  <testcase classname="src.in.valtech.cl.scenarios.TC_Scenario_01" name="step40_OpenNewTabAndNavigatedtoWMS" time="5.325"/>
  <testcase classname="src.in.valtech.cl.scenarios.TC_Scenario_01" name="step105_NaviagtedIntoFOAndVerifiedOrderStatusInMyOrdersPage" time="30.235"/>
  <testcase classname="src.in.valtech.cl.scenarios.TC_Scenario_01" name="step73_EnteredExpiryDateField" time="4.376"/>
  <testcase classname="src.in.valtech.cl.scenarios.TC_Scenario_01" name="step57_VerifyInitialSaleableStock" time="33.430"/>
  <testcase classname="src.in.valtech.cl.scenarios.TC_Scenario_01" name="step150_ReturnstxtFromSalesIconClick" time="14.647"/>
  <testcase classname="src.in.valtech.cl.scenarios.TC_Scenario_01" name="step50_EnteredUsernameField" time="5.793"/>
  <testcase classname="src.in.valtech.cl.scenarios.TC_Scenario_01" name="step94_ClickOrderIDCheckbox" time="20.066"/>
  <testcase classname="src.in.valtech.cl.scenarios.TC_Scenario_01" name="step75_EnteredCardHolderField" time="1.005"/>
  <testcase classname="src.in.valtech.cl.scenarios.TC_Scenario_01" name="step37_VerifyMainThumbnailImg" time="0.395"/>
  <testcase classname="src.in.valtech.cl.scenarios.TC_Scenario_01" name="step56_SearchForProductSeleableStockInBO" time="31.618"/>
  <testcase classname="src.in.valtech.cl.scenarios.TC_Scenario_01" name="step09_VerificationOfFooterSocialIconText" time="2.331"/>
  <testcase classname="src.in.valtech.cl.scenarios.TC_Scenario_01" name="step31_ClickOnSizeGuideAndCloseOverlay" time="9.060"/>
  <testcase classname="src.in.valtech.cl.scenarios.TC_Scenario_01" name="step138_ReturnstxtFromSalesIconClick" time="15.625"/>
  <testcase classname="src.in.valtech.cl.scenarios.TC_Scenario_01" name="step129_ClickOrderstxtFromSalesIcon" time="12.572"/>
  <testcase classname="src.in.valtech.cl.scenarios.TC_Scenario_01" name="step76_VerifiedAndCheckedPaymentPrivacyPolicyCheckbox" time="14.681"/>
  <testcase classname="src.in.valtech.cl.scenarios.TC_Scenario_01" name="step96_NavigatedIntoMangetoAndVerifiedOrderStatusInOrdersPage" time="159.030"/>
  <testcase classname="src.in.valtech.cl.scenarios.TC_Scenario_01" name="step156_ClickOnRefundButtonInNewMemoPage" time="17.009"/>
  <testcase classname="src.in.valtech.cl.scenarios.TC_Scenario_01" name="step15_ClickOnSignInBtn" time="61.259"/>
  <testcase classname="src.in.valtech.cl.scenarios.TC_Scenario_01" name="step13_EnterEmailAddressInLogin" time="3.480"/>
  <testcase classname="src.in.valtech.cl.scenarios.TC_Scenario_01" name="step118_NavigatedIntoAdyenAndClickOnPaymentTab" time="80.650"/>
  <testcase classname="src.in.valtech.cl.scenarios.TC_Scenario_01" name="step144_ClickOnSaveButton" time="10.825"/>
  <testcase classname="src.in.valtech.cl.scenarios.TC_Scenario_01" name="step46_ClickOnDetailsButton" time="14.451"/>
  <testcase classname="src.in.valtech.cl.scenarios.TC_Scenario_01" name="step153_ClickOnRefundOrExchangeButton" time="9.568"/>
  <testcase classname="src.in.valtech.cl.scenarios.TC_Scenario_01" name="step49_OpenNewTabAndNavigatedtoMagentoBO" time="13.339"/>
  <testcase classname="src.in.valtech.cl.scenarios.TC_Scenario_01" name="step45_EnterSearchableSKUAndClickOnSubmitFilter" time="25.056"/>
  <testcase classname="src.in.valtech.cl.scenarios.TC_Scenario_01" name="step102_VerifiedGiftMsg_INPicking" time="0.000"/>
  <testcase classname="src.in.valtech.cl.scenarios.TC_Scenario_01" name="step42_ClickOnOKbutton" time="12.162"/>
  <testcase classname="src.in.valtech.cl.scenarios.TC_Scenario_01" name="step86_NavigatedBackToBOAndClickOnSalesIcon" time="12.610"/>
  <testcase classname="src.in.valtech.cl.scenarios.TC_Scenario_01" name="step106_NavigatedIntoWMSAndClickOnPackingBtn" time="9.207"/>
  <testcase classname="src.in.valtech.cl.scenarios.TC_Scenario_01" name="step108_CopySKUIDAndEnterinSearchFeildForScanningProductsInPacking" time="8.625"/>
  <testcase classname="src.in.valtech.cl.scenarios.TC_Scenario_01" name="step53_VerifiedDashboardHeaderInBO" time="15.579"/>
  <testcase classname="src.in.valtech.cl.scenarios.TC_Scenario_01" name="step74_EnteredCVVField" time="2.462"/>
  <testcase classname="src.in.valtech.cl.scenarios.TC_Scenario_01" name="step163_VerifiedOrderStatusInReturnsPage" time="45.334"/>
  <testcase classname="src.in.valtech.cl.scenarios.TC_Scenario_01" name="step29_VerifiedContactUslink" time="20.056">
    <error message="Contact Us link is not displaying in PDP expected [true] but found [false]" type="java.lang.AssertionError">
      <![CDATA[java.lang.AssertionError: Contact Us link is not displaying in PDP expected [true] but found [false]
	at org.testng.Assert.fail(Assert.java:94)
	at org.testng.Assert.failNotEquals(Assert.java:494)
	at org.testng.Assert.assertTrue(Assert.java:42)
	at src.in.valtech.cl.front.pages.ProductDetailsPage.VerifyContactUsLinkInPDP(ProductDetailsPage.java:560)
	at src.in.valtech.cl.scenarios.TC_Scenario_01.step29_VerifiedContactUslink(TC_Scenario_01.java:335)
	at java.base/jdk.internal.reflect.NativeMethodAccessorImpl.invoke0(Native Method)
	at java.base/jdk.internal.reflect.NativeMethodAccessorImpl.invoke(NativeMethodAccessorImpl.java:62)
	at java.base/jdk.internal.reflect.DelegatingMethodAccessorImpl.invoke(DelegatingMethodAccessorImpl.java:43)
	at java.base/java.lang.reflect.Method.invoke(Method.java:566)
	at org.testng.internal.MethodInvocationHelper.invokeMethod(MethodInvocationHelper.java:80)
	at org.testng.internal.Invoker.invokeMethod(Invoker.java:714)
	at org.testng.internal.Invoker.invokeTestMethod(Invoker.java:901)
	at org.testng.internal.Invoker.invokeTestMethods(Invoker.java:1231)
	at org.testng.internal.TestMethodWorker.invokeTestMethods(TestMethodWorker.java:127)
	at org.testng.internal.TestMethodWorker.run(TestMethodWorker.java:111)
	at org.testng.TestRunner.privateRun(TestRunner.java:767)
	at org.testng.TestRunner.run(TestRunner.java:617)
	at org.testng.SuiteRunner.runTest(SuiteRunner.java:334)
	at org.testng.SuiteRunner.access$000(SuiteRunner.java:37)
	at org.testng.SuiteRunner$SuiteWorker.run(SuiteRunner.java:368)
	at org.testng.internal.thread.ThreadUtil$2.call(ThreadUtil.java:64)
	at java.base/java.util.concurrent.FutureTask.run(FutureTask.java:264)
	at java.base/java.util.concurrent.ThreadPoolExecutor.runWorker(ThreadPoolExecutor.java:1128)
	at java.base/java.util.concurrent.ThreadPoolExecutor$Worker.run(ThreadPoolExecutor.java:628)
	at java.base/java.lang.Thread.run(Thread.java:834)
]]>
    </error>
  </testcase> <!-- step29_VerifiedContactUslink -->
  <testcase classname="src.in.valtech.cl.scenarios.TC_Scenario_01" name="step07_VerificationOfFooterHeaderText" time="0.538"/>
  <testcase classname="src.in.valtech.cl.scenarios.TC_Scenario_01" name="step81_VerifiedProcessingOrderTxt" time="8.552"/>
  <testcase classname="src.in.valtech.cl.scenarios.TC_Scenario_01" name="step146_ClickOnSalesIcon" time="10.617"/>
  <testcase classname="src.in.valtech.cl.scenarios.TC_Scenario_01" name="step69_ClickOnCreditCardRadioBtnAndVerifyPaymentoptions" time="9.477"/>
  <testcase classname="src.in.valtech.cl.scenarios.TC_Scenario_01" name="step88_EnterOrderIDInBOSearchFld" time="16.572"/>
  <testcase classname="src.in.valtech.cl.scenarios.TC_Scenario_01" name="step87_ClickOrderstxtFromSalesIcon" time="12.868"/>
  <testcase classname="src.in.valtech.cl.scenarios.TC_Scenario_01" name="step12_VerificationOfAllTxtLnkBtn_InMyAccountModal" time="5.093"/>
  <testcase classname="src.in.valtech.cl.scenarios.TC_Scenario_01" name="step23_ClickOnProductImg" time="16.454"/>
  <testcase classname="src.in.valtech.cl.scenarios.TC_Scenario_01" name="step95_ClickOnAcceptBtn" time="44.213"/>
  <testcase classname="src.in.valtech.cl.scenarios.TC_Scenario_01" name="step124_SavedRMAFromFO" time="2.184"/>
  <testcase classname="src.in.valtech.cl.scenarios.TC_Scenario_01" name="step36_ClickonShippingAndVerifiedContent" time="25.563"/>
  <testcase classname="src.in.valtech.cl.scenarios.TC_Scenario_01" name="step168_NavigatedIntoAdyenAndClickOnPaymentTab" time="34.767">
    <failure message="no such element: Unable to locate element: {&quot;method&quot;:&quot;xpath&quot;,&quot;selector&quot;:&quot;//input[@name=&#039;password&#039;]&quot;}
  (Session info: chrome=121.0.6167.185)
For documentation on this error, please visit: https://www.seleniumhq.org/exceptions/no_such_element.html
Build info: version: &#039;3.141.59&#039;, revision: &#039;e82be7d358&#039;, time: &#039;2018-11-14T08:17:03&#039;
System info: host: &#039;IN-PF42S2RF&#039;, ip: &#039;192.168.1.6&#039;, os.name: &#039;Windows 10&#039;, os.arch: &#039;amd64&#039;, os.version: &#039;10.0&#039;, java.version: &#039;11.0.2&#039;
Driver info: org.openqa.selenium.chrome.ChromeDriver
Capabilities {acceptInsecureCerts: false, browserName: chrome, browserVersion: 121.0.6167.185, chrome: {chromedriverVersion: 121.0.6167.85 (3f98d690ad7e..., userDataDir: C:\Users\CHAITR~1.BAB\AppDa...}, fedcm:accounts: true, goog:chromeOptions: {debuggerAddress: localhost:49803}, javascriptEnabled: true, networkConnectionEnabled: false, pageLoadStrategy: normal, platform: WINDOWS, platformName: WINDOWS, proxy: Proxy(), setWindowRect: true, strictFileInteractability: false, timeouts: {implicit: 0, pageLoad: 300000, script: 30000}, unhandledPromptBehavior: dismiss and notify, webauthn:extension:credBlob: true, webauthn:extension:largeBlob: true, webauthn:extension:minPinLength: true, webauthn:extension:prf: true, webauthn:virtualAuthenticators: true}
Session ID: 9a89f617d384e064b22dfc1b889e2d25
*** Element info: {Using=xpath, value=//input[@name=&#039;password&#039;]}" type="org.openqa.selenium.NoSuchElementException">
      <![CDATA[org.openqa.selenium.NoSuchElementException: no such element: Unable to locate element: {"method":"xpath","selector":"//input[@name='password']"}
  (Session info: chrome=121.0.6167.185)
For documentation on this error, please visit: https://www.seleniumhq.org/exceptions/no_such_element.html
Build info: version: '3.141.59', revision: 'e82be7d358', time: '2018-11-14T08:17:03'
System info: host: 'IN-PF42S2RF', ip: '192.168.1.6', os.name: 'Windows 10', os.arch: 'amd64', os.version: '10.0', java.version: '11.0.2'
Driver info: org.openqa.selenium.chrome.ChromeDriver
Capabilities {acceptInsecureCerts: false, browserName: chrome, browserVersion: 121.0.6167.185, chrome: {chromedriverVersion: 121.0.6167.85 (3f98d690ad7e..., userDataDir: C:\Users\CHAITR~1.BAB\AppDa...}, fedcm:accounts: true, goog:chromeOptions: {debuggerAddress: localhost:49803}, javascriptEnabled: true, networkConnectionEnabled: false, pageLoadStrategy: normal, platform: WINDOWS, platformName: WINDOWS, proxy: Proxy(), setWindowRect: true, strictFileInteractability: false, timeouts: {implicit: 0, pageLoad: 300000, script: 30000}, unhandledPromptBehavior: dismiss and notify, webauthn:extension:credBlob: true, webauthn:extension:largeBlob: true, webauthn:extension:minPinLength: true, webauthn:extension:prf: true, webauthn:virtualAuthenticators: true}
Session ID: 9a89f617d384e064b22dfc1b889e2d25
*** Element info: {Using=xpath, value=//input[@name='password']}
	at jdk.internal.reflect.GeneratedConstructorAccessor73.newInstance(Unknown Source)
	at java.base/jdk.internal.reflect.DelegatingConstructorAccessorImpl.newInstance(DelegatingConstructorAccessorImpl.java:45)
	at java.base/java.lang.reflect.Constructor.newInstance(Constructor.java:490)
	at org.openqa.selenium.remote.http.W3CHttpResponseCodec.createException(W3CHttpResponseCodec.java:185)
	at org.openqa.selenium.remote.http.W3CHttpResponseCodec.decode(W3CHttpResponseCodec.java:120)
	at org.openqa.selenium.remote.http.W3CHttpResponseCodec.decode(W3CHttpResponseCodec.java:49)
	at org.openqa.selenium.remote.HttpCommandExecutor.execute(HttpCommandExecutor.java:164)
	at org.openqa.selenium.remote.service.DriverCommandExecutor.execute(DriverCommandExecutor.java:83)
	at org.openqa.selenium.remote.RemoteWebDriver.execute(RemoteWebDriver.java:586)
	at org.openqa.selenium.remote.RemoteWebDriver.findElement(RemoteWebDriver.java:356)
	at org.openqa.selenium.remote.RemoteWebDriver.findElementByXPath(RemoteWebDriver.java:458)
	at org.openqa.selenium.By$ByXPath.findElement(By.java:353)
	at org.openqa.selenium.remote.RemoteWebDriver.findElement(RemoteWebDriver.java:348)
	at src.in.valtech.cl.scenarios.TC_Scenario_01.step168_NavigatedIntoAdyenAndClickOnPaymentTab(TC_Scenario_01.java:1590)
	at java.base/jdk.internal.reflect.NativeMethodAccessorImpl.invoke0(Native Method)
	at java.base/jdk.internal.reflect.NativeMethodAccessorImpl.invoke(NativeMethodAccessorImpl.java:62)
	at java.base/jdk.internal.reflect.DelegatingMethodAccessorImpl.invoke(DelegatingMethodAccessorImpl.java:43)
	at java.base/java.lang.reflect.Method.invoke(Method.java:566)
	at org.testng.internal.MethodInvocationHelper.invokeMethod(MethodInvocationHelper.java:80)
	at org.testng.internal.Invoker.invokeMethod(Invoker.java:714)
	at org.testng.internal.Invoker.invokeTestMethod(Invoker.java:901)
	at org.testng.internal.Invoker.invokeTestMethods(Invoker.java:1231)
	at org.testng.internal.TestMethodWorker.invokeTestMethods(TestMethodWorker.java:127)
	at org.testng.internal.TestMethodWorker.run(TestMethodWorker.java:111)
	at org.testng.TestRunner.privateRun(TestRunner.java:767)
	at org.testng.TestRunner.run(TestRunner.java:617)
	at org.testng.SuiteRunner.runTest(SuiteRunner.java:334)
	at org.testng.SuiteRunner.access$000(SuiteRunner.java:37)
	at org.testng.SuiteRunner$SuiteWorker.run(SuiteRunner.java:368)
	at org.testng.internal.thread.ThreadUtil$2.call(ThreadUtil.java:64)
	at java.base/java.util.concurrent.FutureTask.run(FutureTask.java:264)
	at java.base/java.util.concurrent.ThreadPoolExecutor.runWorker(ThreadPoolExecutor.java:1128)
	at java.base/java.util.concurrent.ThreadPoolExecutor$Worker.run(ThreadPoolExecutor.java:628)
	at java.base/java.lang.Thread.run(Thread.java:834)
]]>
    </failure>
  </testcase> <!-- step168_NavigatedIntoAdyenAndClickOnPaymentTab -->
  <testcase classname="src.in.valtech.cl.scenarios.TC_Scenario_01" name="step147_ClickOrderstxtFromSalesIcon" time="12.725"/>
  <testcase classname="src.in.valtech.cl.scenarios.TC_Scenario_01" name="step38_ClickonAddToCartButton" time="7.825"/>
  <testcase classname="src.in.valtech.cl.scenarios.TC_Scenario_01" name="step61_ClickOnProceedToCheckOutCTA" time="21.119"/>
  <testcase classname="src.in.valtech.cl.scenarios.TC_Scenario_01" name="step68_ClickOnShippingmethodAndContinuePaymentBtn" time="19.875"/>
  <testcase classname="src.in.valtech.cl.scenarios.TC_Scenario_01" name="step34_ClickonProductInfoAndVerifiedContent" time="13.559"/>
  <testcase classname="src.in.valtech.cl.scenarios.TC_Scenario_01" name="step110_EnteredQuantityInAnyRow" time="4.375"/>
  <testcase classname="src.in.valtech.cl.scenarios.TC_Scenario_01" name="step137_NavigatedIntoMangetoAndVerifiedOrderStatusInOrdersPage" time="12.309"/>
  <testcase classname="src.in.valtech.cl.scenarios.TC_Scenario_01" name="step159_ClickOrderstxtFromSalesIcon" time="12.731"/>
  <testcase classname="src.in.valtech.cl.scenarios.TC_Scenario_01" name="step01_NavigatetoCLHomePage" time="46.744"/>
  <testcase classname="src.in.valtech.cl.scenarios.TC_Scenario_01" name="step133_ClickOnRMALink" time="19.813"/>
  <testcase classname="src.in.valtech.cl.scenarios.TC_Scenario_01" name="step121_ComparedSeleableStockInWMSAndBOBothAreSameAfterShippingTheOrder" time="131.902"/>
  <testcase classname="src.in.valtech.cl.scenarios.TC_Scenario_01" name="step35_ClickonProductCareAndVerifiedContent" time="5.818"/>
  <testcase classname="src.in.valtech.cl.scenarios.TC_Scenario_01" name="step169_EnterOrderIDinPaymentTab_adyen" time="42.180"/>
  <testcase classname="src.in.valtech.cl.scenarios.TC_Scenario_01" name="step63_EnterMsgInGiftMsgFld" time="0.015"/>
  <testcase classname="src.in.valtech.cl.scenarios.TC_Scenario_01" name="step14_EnterPasswordInLogin" time="4.435"/>
</testsuite> <!-- src.in.valtech.cl.scenarios.TC_Scenario_01 -->
