<?xml version="1.0" encoding="UTF-8"?>
<!-- Generated by org.testng.reporters.JUnitReportReporter -->
<testsuite hostname="IN-PF42S2RF" failures="7" tests="202" name="src.in.valtech.cl.scenarios.TC_Scenario_08" time="4873.090" errors="1" timestamp="27 Feb 2024 14:31:02 GMT">
  <testcase classname="src.in.valtech.cl.scenarios.TC_Scenario_08" name="step32_VerifiedAddtoCartbtnInPDP" time="0.132"/>
  <testcase classname="src.in.valtech.cl.scenarios.TC_Scenario_08" name="step131_ClickOnValidateBtn" time="15.249"/>
  <testcase classname="src.in.valtech.cl.scenarios.TC_Scenario_08" name="step194_NavigatedIntoAdyenAndClickOnPaymentTab" time="77.973"/>
  <testcase classname="src.in.valtech.cl.scenarios.TC_Scenario_08" name="step108_EnterOrderIDInBOSearchFld" time="16.543"/>
  <testcase classname="src.in.valtech.cl.scenarios.TC_Scenario_08" name="step163_ClickOnRMALink" time="14.689"/>
  <testcase classname="src.in.valtech.cl.scenarios.TC_Scenario_08" name="step117_VerifiedSaleableStockQntyDecBy1InBOAferPlacingTheOrder" time="74.094"/>
  <testcase classname="src.in.valtech.cl.scenarios.TC_Scenario_08" name="step87_EnteredLastNameField" time="0.001"/>
  <testcase classname="src.in.valtech.cl.scenarios.TC_Scenario_08" name="step86_EnteredFirstNameField" time="0.001"/>
  <testcase classname="src.in.valtech.cl.scenarios.TC_Scenario_08" name="step201_VerifyUserIsInHomepage" time="0.045"/>
  <testcase classname="src.in.valtech.cl.scenarios.TC_Scenario_08" name="step42_ClickOnContinueShoppingBtn" time="10.506"/>
  <testcase classname="src.in.valtech.cl.scenarios.TC_Scenario_08" name="step208_VerifyCreditMemoConfirmationMailContents" time="5.825"/>
  <testcase classname="src.in.valtech.cl.scenarios.TC_Scenario_08" name="step67_VerifiedShippingAddressHeaderInCP" time="0.108"/>
  <testcase classname="src.in.valtech.cl.scenarios.TC_Scenario_08" name="step90_EnteredCityField" time="0.001"/>
  <testcase classname="src.in.valtech.cl.scenarios.TC_Scenario_08" name="step173_SelectApprovedOptionFromStatusDropdown" time="0.533"/>
  <testcase classname="src.in.valtech.cl.scenarios.TC_Scenario_08" name="step169_VerifiedOrderStatusInReturnsPage" time="68.530"/>
  <testcase classname="src.in.valtech.cl.scenarios.TC_Scenario_08" name="step155_ClickOnSubmitReturnsButton" time="15.090"/>
  <testcase classname="src.in.valtech.cl.scenarios.TC_Scenario_08" name="step47_ClickonAddToCartButton" time="11.555"/>
  <testcase classname="src.in.valtech.cl.scenarios.TC_Scenario_08" name="step123_NavigatedIntoWMSAndGetBarcodeFromPickingProcess" time="15.302"/>
  <testcase classname="src.in.valtech.cl.scenarios.TC_Scenario_08" name="step147_ClickOnAddProductButton" time="7.231"/>
  <testcase classname="src.in.valtech.cl.scenarios.TC_Scenario_08" name="step143_ClickOnOrderGridAndVerifiedOrderDetailsPage" time="72.213"/>
  <testcase classname="src.in.valtech.cl.scenarios.TC_Scenario_08" name="step102_VerifiedYourOrderID" time="2.168"/>
  <testcase classname="src.in.valtech.cl.scenarios.TC_Scenario_08" name="step04_EnteredPasswordField" time="5.034"/>
  <testcase classname="src.in.valtech.cl.scenarios.TC_Scenario_08" name="step09_VerifyCustomersHeadertxtInBO" time="10.136"/>
  <testcase classname="src.in.valtech.cl.scenarios.TC_Scenario_08" name="step26_ClickOnL2LipsCategory" time="19.536"/>
  <testcase classname="src.in.valtech.cl.scenarios.TC_Scenario_08" name="step124_NaviagtedIntoMangetoAndVerifiedOrderStatusInOrdersPage" time="186.433"/>
  <testcase classname="src.in.valtech.cl.scenarios.TC_Scenario_08" name="step146_ClickOnReturnItems" time="9.286"/>
  <testcase classname="src.in.valtech.cl.scenarios.TC_Scenario_08" name="step21_ClickCreateCustomerAccountBtn" time="9.891"/>
  <testcase classname="src.in.valtech.cl.scenarios.TC_Scenario_08" name="step65_EnterMsgInGiftMsgFld" time="0.017"/>
  <testcase classname="src.in.valtech.cl.scenarios.TC_Scenario_08" name="step121_VerifiedPickingOrderSuccessMsg" time="2.954"/>
  <testcase classname="src.in.valtech.cl.scenarios.TC_Scenario_08" name="step152_SelectAnyOptionFromReturnReasonDropdown" time="4.748"/>
  <testcase classname="src.in.valtech.cl.scenarios.TC_Scenario_08" name="step172_EnterValueInApprovedField" time="4.339"/>
  <testcase classname="src.in.valtech.cl.scenarios.TC_Scenario_08" name="step100_ClickOnProceedButtonAndEntered3DSCredentials" time="28.610"/>
  <testcase classname="src.in.valtech.cl.scenarios.TC_Scenario_08" name="step35_VerifiedColorSwatches" time="2.212"/>
  <testcase classname="src.in.valtech.cl.scenarios.TC_Scenario_08" name="step78_ClickOnContinueToPayemntButton" time="7.365"/>
  <testcase classname="src.in.valtech.cl.scenarios.TC_Scenario_08" name="step88_EnteredAddressField" time="0.000"/>
  <testcase classname="src.in.valtech.cl.scenarios.TC_Scenario_08" name="step140_VerifyOrderTotalAmtIN_adyen" time="20.075">
    <failure message="no such element: Unable to locate element: {&quot;method&quot;:&quot;xpath&quot;,&quot;selector&quot;:&quot;//td[contains(text(),&#039;24000000033&#039;)]//following-sibling::td[3]&quot;}
  (Session info: chrome=121.0.6167.185)
For documentation on this error, please visit: https://www.seleniumhq.org/exceptions/no_such_element.html
Build info: version: &#039;3.141.59&#039;, revision: &#039;e82be7d358&#039;, time: &#039;2018-11-14T08:17:03&#039;
System info: host: &#039;IN-PF42S2RF&#039;, ip: &#039;192.168.1.6&#039;, os.name: &#039;Windows 10&#039;, os.arch: &#039;amd64&#039;, os.version: &#039;10.0&#039;, java.version: &#039;11.0.2&#039;
Driver info: org.openqa.selenium.chrome.ChromeDriver
Capabilities {acceptInsecureCerts: false, browserName: chrome, browserVersion: 121.0.6167.185, chrome: {chromedriverVersion: 121.0.6167.85 (3f98d690ad7e..., userDataDir: C:\Users\CHAITR~1.BAB\AppDa...}, fedcm:accounts: true, goog:chromeOptions: {debuggerAddress: localhost:50052}, javascriptEnabled: true, networkConnectionEnabled: false, pageLoadStrategy: normal, platform: WINDOWS, platformName: WINDOWS, proxy: Proxy(), setWindowRect: true, strictFileInteractability: false, timeouts: {implicit: 0, pageLoad: 300000, script: 30000}, unhandledPromptBehavior: dismiss and notify, webauthn:extension:credBlob: true, webauthn:extension:largeBlob: true, webauthn:extension:minPinLength: true, webauthn:extension:prf: true, webauthn:virtualAuthenticators: true}
Session ID: ac4b4f8c9a3cd3dd66501ebe55c6f3ff
*** Element info: {Using=xpath, value=//td[contains(text(),&#039;24000000033&#039;)]//following-sibling::td[3]}" type="org.openqa.selenium.NoSuchElementException">
      <![CDATA[org.openqa.selenium.NoSuchElementException: no such element: Unable to locate element: {"method":"xpath","selector":"//td[contains(text(),'24000000033')]//following-sibling::td[3]"}
  (Session info: chrome=121.0.6167.185)
For documentation on this error, please visit: https://www.seleniumhq.org/exceptions/no_such_element.html
Build info: version: '3.141.59', revision: 'e82be7d358', time: '2018-11-14T08:17:03'
System info: host: 'IN-PF42S2RF', ip: '192.168.1.6', os.name: 'Windows 10', os.arch: 'amd64', os.version: '10.0', java.version: '11.0.2'
Driver info: org.openqa.selenium.chrome.ChromeDriver
Capabilities {acceptInsecureCerts: false, browserName: chrome, browserVersion: 121.0.6167.185, chrome: {chromedriverVersion: 121.0.6167.85 (3f98d690ad7e..., userDataDir: C:\Users\CHAITR~1.BAB\AppDa...}, fedcm:accounts: true, goog:chromeOptions: {debuggerAddress: localhost:50052}, javascriptEnabled: true, networkConnectionEnabled: false, pageLoadStrategy: normal, platform: WINDOWS, platformName: WINDOWS, proxy: Proxy(), setWindowRect: true, strictFileInteractability: false, timeouts: {implicit: 0, pageLoad: 300000, script: 30000}, unhandledPromptBehavior: dismiss and notify, webauthn:extension:credBlob: true, webauthn:extension:largeBlob: true, webauthn:extension:minPinLength: true, webauthn:extension:prf: true, webauthn:virtualAuthenticators: true}
Session ID: ac4b4f8c9a3cd3dd66501ebe55c6f3ff
*** Element info: {Using=xpath, value=//td[contains(text(),'24000000033')]//following-sibling::td[3]}
	at jdk.internal.reflect.GeneratedConstructorAccessor73.newInstance(Unknown Source)
	at java.base/jdk.internal.reflect.DelegatingConstructorAccessorImpl.newInstance(DelegatingConstructorAccessorImpl.java:45)
	at java.base/java.lang.reflect.Constructor.newInstance(Constructor.java:490)
	at org.openqa.selenium.remote.http.W3CHttpResponseCodec.createException(W3CHttpResponseCodec.java:185)
	at org.openqa.selenium.remote.http.W3CHttpResponseCodec.decode(W3CHttpResponseCodec.java:120)
	at org.openqa.selenium.remote.http.W3CHttpResponseCodec.decode(W3CHttpResponseCodec.java:49)
	at org.openqa.selenium.remote.HttpCommandExecutor.execute(HttpCommandExecutor.java:164)
	at org.openqa.selenium.remote.service.DriverCommandExecutor.execute(DriverCommandExecutor.java:83)
	at org.openqa.selenium.remote.RemoteWebDriver.execute(RemoteWebDriver.java:586)
	at org.openqa.selenium.remote.RemoteWebDriver.findElement(RemoteWebDriver.java:356)
	at org.openqa.selenium.remote.RemoteWebDriver.findElementByXPath(RemoteWebDriver.java:458)
	at org.openqa.selenium.By$ByXPath.findElement(By.java:353)
	at org.openqa.selenium.remote.RemoteWebDriver.findElement(RemoteWebDriver.java:348)
	at src.in.valtech.cl.back.pages.AdyenPage.Verify_AdyenOrderAmount(AdyenPage.java:279)
	at src.in.valtech.cl.scenarios.TC_Scenario_08.step140_VerifyOrderTotalAmtIN_adyen(TC_Scenario_08.java:1345)
	at java.base/jdk.internal.reflect.NativeMethodAccessorImpl.invoke0(Native Method)
	at java.base/jdk.internal.reflect.NativeMethodAccessorImpl.invoke(NativeMethodAccessorImpl.java:62)
	at java.base/jdk.internal.reflect.DelegatingMethodAccessorImpl.invoke(DelegatingMethodAccessorImpl.java:43)
	at java.base/java.lang.reflect.Method.invoke(Method.java:566)
	at org.testng.internal.MethodInvocationHelper.invokeMethod(MethodInvocationHelper.java:80)
	at org.testng.internal.Invoker.invokeMethod(Invoker.java:714)
	at org.testng.internal.Invoker.invokeTestMethod(Invoker.java:901)
	at org.testng.internal.Invoker.invokeTestMethods(Invoker.java:1231)
	at org.testng.internal.TestMethodWorker.invokeTestMethods(TestMethodWorker.java:127)
	at org.testng.internal.TestMethodWorker.run(TestMethodWorker.java:111)
	at org.testng.TestRunner.privateRun(TestRunner.java:767)
	at org.testng.TestRunner.run(TestRunner.java:617)
	at org.testng.SuiteRunner.runTest(SuiteRunner.java:334)
	at org.testng.SuiteRunner.access$000(SuiteRunner.java:37)
	at org.testng.SuiteRunner$SuiteWorker.run(SuiteRunner.java:368)
	at org.testng.internal.thread.ThreadUtil$2.call(ThreadUtil.java:64)
	at java.base/java.util.concurrent.FutureTask.run(FutureTask.java:264)
	at java.base/java.util.concurrent.ThreadPoolExecutor.runWorker(ThreadPoolExecutor.java:1128)
	at java.base/java.util.concurrent.ThreadPoolExecutor$Worker.run(ThreadPoolExecutor.java:628)
	at java.base/java.lang.Thread.run(Thread.java:834)
]]>
    </failure>
  </testcase> <!-- step140_VerifyOrderTotalAmtIN_adyen -->
  <testcase classname="src.in.valtech.cl.scenarios.TC_Scenario_08" name="step10_SearchForCustomerAccount" time="10.987"/>
  <testcase classname="src.in.valtech.cl.scenarios.TC_Scenario_08" name="step58_VerifyInitialSaleableStock" time="12.621"/>
  <testcase classname="src.in.valtech.cl.scenarios.TC_Scenario_08" name="step36_ClickonProductInfoAndVerifiedContent" time="11.739"/>
  <testcase classname="src.in.valtech.cl.scenarios.TC_Scenario_08" name="step74_EnteredCityField" time="4.852"/>
  <testcase classname="src.in.valtech.cl.scenarios.TC_Scenario_08" name="step154_SelectOptionFromResolutionDropdown" time="4.335"/>
  <testcase classname="src.in.valtech.cl.scenarios.TC_Scenario_08" name="step101_VerifiedSuccessMsgAfterPlacingOrder" time="7.223"/>
  <testcase classname="src.in.valtech.cl.scenarios.TC_Scenario_08" name="step25_MouseoverOnL1BeautyCategory" time="1.247"/>
  <testcase classname="src.in.valtech.cl.scenarios.TC_Scenario_08" name="step79_VerifyPaymentOptions" time="2.274"/>
  <testcase classname="src.in.valtech.cl.scenarios.TC_Scenario_08" name="step141_ComparedSeleableStockInWMSAndBOBothAreSameAfterShippingTheOrder" time="124.477"/>
  <testcase classname="src.in.valtech.cl.scenarios.TC_Scenario_08" name="step134_NaviagtedIntoFOAndVerifiedOrderStatusInMyOrdersPage" time="17.329"/>
  <testcase classname="src.in.valtech.cl.scenarios.TC_Scenario_08" name="step75_VerifiedCountryField" time="6.076"/>
  <testcase classname="src.in.valtech.cl.scenarios.TC_Scenario_08" name="step01_NavigatedtoCLHomePage" time="38.477"/>
  <testcase classname="src.in.valtech.cl.scenarios.TC_Scenario_08" name="step20_ClickTermsConditionCheckbox" time="20.682"/>
  <testcase classname="src.in.valtech.cl.scenarios.TC_Scenario_08" name="step162_NaviagtedIntoFOAndVerifiedOrderStatusInMyOrdersPage" time="28.731"/>
  <testcase classname="src.in.valtech.cl.scenarios.TC_Scenario_08" name="step83_UncheckMyBAandSABothSame_Checkbox" time="0.000"/>
  <testcase classname="src.in.valtech.cl.scenarios.TC_Scenario_08" name="step185_ClickOnRefundButtonInNewMemoPage" time="15.702"/>
  <testcase classname="src.in.valtech.cl.scenarios.TC_Scenario_08" name="step159_ClickOnSalesIcon" time="10.308"/>
  <testcase classname="src.in.valtech.cl.scenarios.TC_Scenario_08" name="step136_NavigatedIntoMangetoAndVerifiedOrderStatusInOrdersPage" time="122.655"/>
  <testcase classname="src.in.valtech.cl.scenarios.TC_Scenario_08" name="step46_ClickOnSelectYourSizeButtonAndSelectAnySize" time="21.419"/>
  <testcase classname="src.in.valtech.cl.scenarios.TC_Scenario_08" name="step91_VerifiedCountryField" time="0.000"/>
  <testcase classname="src.in.valtech.cl.scenarios.TC_Scenario_08" name="step38_VerifyMainThumbnailImg" time="0.512"/>
  <testcase classname="src.in.valtech.cl.scenarios.TC_Scenario_08" name="step197_ClickOnMyOrdersLink" time="12.574"/>
  <testcase classname="src.in.valtech.cl.scenarios.TC_Scenario_08" name="step59_VerifyReservedStock" time="10.052"/>
  <testcase classname="src.in.valtech.cl.scenarios.TC_Scenario_08" name="step37_ClickonShippingAndVerifiedContent" time="25.892"/>
  <testcase classname="src.in.valtech.cl.scenarios.TC_Scenario_08" name="step57_ClickOnDetailsButton" time="12.349"/>
  <testcase classname="src.in.valtech.cl.scenarios.TC_Scenario_08" name="step89_EnteredPostCodeField" time="0.000"/>
  <testcase classname="src.in.valtech.cl.scenarios.TC_Scenario_08" name="step104_VerifyOrderdetailsInOrderspage" time="9.822"/>
  <testcase classname="src.in.valtech.cl.scenarios.TC_Scenario_08" name="step119_ComparedSeleableStockInWMSAndBOBothAreSame" time="123.437"/>
  <testcase classname="src.in.valtech.cl.scenarios.TC_Scenario_08" name="step160_ClickOrderstxtFromSalesIcon" time="15.435"/>
  <testcase classname="src.in.valtech.cl.scenarios.TC_Scenario_08" name="step73_EnteredPostCodeField" time="4.321"/>
  <testcase classname="src.in.valtech.cl.scenarios.TC_Scenario_08" name="step137_NaviagtedIntoFOAndVerifiedOrderStatusInMyOrdersPage" time="18.244"/>
  <testcase classname="src.in.valtech.cl.scenarios.TC_Scenario_08" name="step82_VerifiedMyBAandSABothSame_CheckboxIsAutoSelected" time="0.015"/>
  <testcase classname="src.in.valtech.cl.scenarios.TC_Scenario_08" name="step153_SelectOptionFromItemConditionDropdown" time="4.379"/>
  <testcase classname="src.in.valtech.cl.scenarios.TC_Scenario_08" name="step07_ClickOnCustomersIcon" time="12.283"/>
  <testcase classname="src.in.valtech.cl.scenarios.TC_Scenario_08" name="step64_VerifyGiftHeadertextAndDefaultGiftWrapSelected" time="2.178"/>
  <testcase classname="src.in.valtech.cl.scenarios.TC_Scenario_08" name="step62_SearchForProductSeleableStockInBO" time="33.728"/>
  <testcase classname="src.in.valtech.cl.scenarios.TC_Scenario_08" name="step69_VerifiedPrefixNameDpdIsAutoSelectedOrNot" time="0.248"/>
  <testcase classname="src.in.valtech.cl.scenarios.TC_Scenario_08" name="step81_VerifyCreditCardDetailsInPayment" time="20.286"/>
  <testcase classname="src.in.valtech.cl.scenarios.TC_Scenario_08" name="step92_EnterPhoneNumField" time="0.000"/>
  <testcase classname="src.in.valtech.cl.scenarios.TC_Scenario_08" name="step189_VerifiedOrderStatusInOrdersPage" time="94.444">
    <failure message="no such element: Unable to locate element: {&quot;method&quot;:&quot;xpath&quot;,&quot;selector&quot;:&quot;//button[text()=&#039;Clear all&#039;]&quot;}
  (Session info: chrome=121.0.6167.185)
For documentation on this error, please visit: https://www.seleniumhq.org/exceptions/no_such_element.html
Build info: version: &#039;3.141.59&#039;, revision: &#039;e82be7d358&#039;, time: &#039;2018-11-14T08:17:03&#039;
System info: host: &#039;IN-PF42S2RF&#039;, ip: &#039;192.168.1.6&#039;, os.name: &#039;Windows 10&#039;, os.arch: &#039;amd64&#039;, os.version: &#039;10.0&#039;, java.version: &#039;11.0.2&#039;
Driver info: org.openqa.selenium.chrome.ChromeDriver
Capabilities {acceptInsecureCerts: false, browserName: chrome, browserVersion: 121.0.6167.185, chrome: {chromedriverVersion: 121.0.6167.85 (3f98d690ad7e..., userDataDir: C:\Users\CHAITR~1.BAB\AppDa...}, fedcm:accounts: true, goog:chromeOptions: {debuggerAddress: localhost:50052}, javascriptEnabled: true, networkConnectionEnabled: false, pageLoadStrategy: normal, platform: WINDOWS, platformName: WINDOWS, proxy: Proxy(), setWindowRect: true, strictFileInteractability: false, timeouts: {implicit: 0, pageLoad: 300000, script: 30000}, unhandledPromptBehavior: dismiss and notify, webauthn:extension:credBlob: true, webauthn:extension:largeBlob: true, webauthn:extension:minPinLength: true, webauthn:extension:prf: true, webauthn:virtualAuthenticators: true}
Session ID: ac4b4f8c9a3cd3dd66501ebe55c6f3ff
*** Element info: {Using=xpath, value=//button[text()=&#039;Clear all&#039;]}" type="org.openqa.selenium.NoSuchElementException">
      <![CDATA[org.openqa.selenium.NoSuchElementException: no such element: Unable to locate element: {"method":"xpath","selector":"//button[text()='Clear all']"}
  (Session info: chrome=121.0.6167.185)
For documentation on this error, please visit: https://www.seleniumhq.org/exceptions/no_such_element.html
Build info: version: '3.141.59', revision: 'e82be7d358', time: '2018-11-14T08:17:03'
System info: host: 'IN-PF42S2RF', ip: '192.168.1.6', os.name: 'Windows 10', os.arch: 'amd64', os.version: '10.0', java.version: '11.0.2'
Driver info: org.openqa.selenium.chrome.ChromeDriver
Capabilities {acceptInsecureCerts: false, browserName: chrome, browserVersion: 121.0.6167.185, chrome: {chromedriverVersion: 121.0.6167.85 (3f98d690ad7e..., userDataDir: C:\Users\CHAITR~1.BAB\AppDa...}, fedcm:accounts: true, goog:chromeOptions: {debuggerAddress: localhost:50052}, javascriptEnabled: true, networkConnectionEnabled: false, pageLoadStrategy: normal, platform: WINDOWS, platformName: WINDOWS, proxy: Proxy(), setWindowRect: true, strictFileInteractability: false, timeouts: {implicit: 0, pageLoad: 300000, script: 30000}, unhandledPromptBehavior: dismiss and notify, webauthn:extension:credBlob: true, webauthn:extension:largeBlob: true, webauthn:extension:minPinLength: true, webauthn:extension:prf: true, webauthn:virtualAuthenticators: true}
Session ID: ac4b4f8c9a3cd3dd66501ebe55c6f3ff
*** Element info: {Using=xpath, value=//button[text()='Clear all']}
	at jdk.internal.reflect.GeneratedConstructorAccessor73.newInstance(Unknown Source)
	at java.base/jdk.internal.reflect.DelegatingConstructorAccessorImpl.newInstance(DelegatingConstructorAccessorImpl.java:45)
	at java.base/java.lang.reflect.Constructor.newInstance(Constructor.java:490)
	at org.openqa.selenium.remote.http.W3CHttpResponseCodec.createException(W3CHttpResponseCodec.java:185)
	at org.openqa.selenium.remote.http.W3CHttpResponseCodec.decode(W3CHttpResponseCodec.java:120)
	at org.openqa.selenium.remote.http.W3CHttpResponseCodec.decode(W3CHttpResponseCodec.java:49)
	at org.openqa.selenium.remote.HttpCommandExecutor.execute(HttpCommandExecutor.java:164)
	at org.openqa.selenium.remote.service.DriverCommandExecutor.execute(DriverCommandExecutor.java:83)
	at org.openqa.selenium.remote.RemoteWebDriver.execute(RemoteWebDriver.java:586)
	at org.openqa.selenium.remote.RemoteWebDriver.findElement(RemoteWebDriver.java:356)
	at org.openqa.selenium.remote.RemoteWebDriver.findElementByXPath(RemoteWebDriver.java:458)
	at org.openqa.selenium.By$ByXPath.findElement(By.java:353)
	at org.openqa.selenium.remote.RemoteWebDriver.findElement(RemoteWebDriver.java:348)
	at src.in.valtech.cl.back.pages.BackOfficePage.ClearTheFilterInBO(BackOfficePage.java:3264)
	at src.in.valtech.cl.scenarios.TC_Scenario_08.step189_VerifiedOrderStatusInOrdersPage(TC_Scenario_08.java:1724)
	at java.base/jdk.internal.reflect.NativeMethodAccessorImpl.invoke0(Native Method)
	at java.base/jdk.internal.reflect.NativeMethodAccessorImpl.invoke(NativeMethodAccessorImpl.java:62)
	at java.base/jdk.internal.reflect.DelegatingMethodAccessorImpl.invoke(DelegatingMethodAccessorImpl.java:43)
	at java.base/java.lang.reflect.Method.invoke(Method.java:566)
	at org.testng.internal.MethodInvocationHelper.invokeMethod(MethodInvocationHelper.java:80)
	at org.testng.internal.Invoker.invokeMethod(Invoker.java:714)
	at org.testng.internal.Invoker.invokeTestMethod(Invoker.java:901)
	at org.testng.internal.Invoker.invokeTestMethods(Invoker.java:1231)
	at org.testng.internal.TestMethodWorker.invokeTestMethods(TestMethodWorker.java:127)
	at org.testng.internal.TestMethodWorker.run(TestMethodWorker.java:111)
	at org.testng.TestRunner.privateRun(TestRunner.java:767)
	at org.testng.TestRunner.run(TestRunner.java:617)
	at org.testng.SuiteRunner.runTest(SuiteRunner.java:334)
	at org.testng.SuiteRunner.access$000(SuiteRunner.java:37)
	at org.testng.SuiteRunner$SuiteWorker.run(SuiteRunner.java:368)
	at org.testng.internal.thread.ThreadUtil$2.call(ThreadUtil.java:64)
	at java.base/java.util.concurrent.FutureTask.run(FutureTask.java:264)
	at java.base/java.util.concurrent.ThreadPoolExecutor.runWorker(ThreadPoolExecutor.java:1128)
	at java.base/java.util.concurrent.ThreadPoolExecutor$Worker.run(ThreadPoolExecutor.java:628)
	at java.base/java.lang.Thread.run(Thread.java:834)
]]>
    </failure>
  </testcase> <!-- step189_VerifiedOrderStatusInOrdersPage -->
  <testcase classname="src.in.valtech.cl.scenarios.TC_Scenario_08" name="step150_EnterValueInRequestedField" time="4.297"/>
  <testcase classname="src.in.valtech.cl.scenarios.TC_Scenario_08" name="step03_EnteredUsernameField" time="4.730"/>
  <testcase classname="src.in.valtech.cl.scenarios.TC_Scenario_08" name="step106_ClickOnSalesIcon" time="12.272"/>
  <testcase classname="src.in.valtech.cl.scenarios.TC_Scenario_08" name="step175_ClickOnSaveButton" time="10.226"/>
  <testcase classname="src.in.valtech.cl.scenarios.TC_Scenario_08" name="step98_CheckedOnPrivacyPolicyAndReturnPolicyCheckbox" time="14.458"/>
  <testcase classname="src.in.valtech.cl.scenarios.TC_Scenario_08" name="step180_ClickOnSalesIcon" time="10.319"/>
  <testcase classname="src.in.valtech.cl.scenarios.TC_Scenario_08" name="step128_CopySKUIDAndEnterinSearchFeildForScanningProductsInPacking" time="13.396"/>
  <testcase classname="src.in.valtech.cl.scenarios.TC_Scenario_08" name="step129_ClickOnCompletePackingBtn" time="22.216"/>
  <testcase classname="src.in.valtech.cl.scenarios.TC_Scenario_08" name="step199_ClickOnSignOutBtn" time="9.790"/>
  <testcase classname="src.in.valtech.cl.scenarios.TC_Scenario_08" name="step192_VerifiedOrderStatusInReturnsPage" time="38.854">
    <error message="expected [Approved] but found [Processed and Closed]" type="java.lang.AssertionError">
      <![CDATA[java.lang.AssertionError: expected [Approved] but found [Processed and Closed]
	at org.testng.Assert.fail(Assert.java:94)
	at org.testng.Assert.failNotEquals(Assert.java:494)
	at org.testng.Assert.assertEquals(Assert.java:123)
	at org.testng.Assert.assertEquals(Assert.java:176)
	at org.testng.Assert.assertEquals(Assert.java:186)
	at src.in.valtech.cl.scenarios.TC_Scenario_08.step192_VerifiedOrderStatusInReturnsPage(TC_Scenario_08.java:1757)
	at java.base/jdk.internal.reflect.NativeMethodAccessorImpl.invoke0(Native Method)
	at java.base/jdk.internal.reflect.NativeMethodAccessorImpl.invoke(NativeMethodAccessorImpl.java:62)
	at java.base/jdk.internal.reflect.DelegatingMethodAccessorImpl.invoke(DelegatingMethodAccessorImpl.java:43)
	at java.base/java.lang.reflect.Method.invoke(Method.java:566)
	at org.testng.internal.MethodInvocationHelper.invokeMethod(MethodInvocationHelper.java:80)
	at org.testng.internal.Invoker.invokeMethod(Invoker.java:714)
	at org.testng.internal.Invoker.invokeTestMethod(Invoker.java:901)
	at org.testng.internal.Invoker.invokeTestMethods(Invoker.java:1231)
	at org.testng.internal.TestMethodWorker.invokeTestMethods(TestMethodWorker.java:127)
	at org.testng.internal.TestMethodWorker.run(TestMethodWorker.java:111)
	at org.testng.TestRunner.privateRun(TestRunner.java:767)
	at org.testng.TestRunner.run(TestRunner.java:617)
	at org.testng.SuiteRunner.runTest(SuiteRunner.java:334)
	at org.testng.SuiteRunner.access$000(SuiteRunner.java:37)
	at org.testng.SuiteRunner$SuiteWorker.run(SuiteRunner.java:368)
	at org.testng.internal.thread.ThreadUtil$2.call(ThreadUtil.java:64)
	at java.base/java.util.concurrent.FutureTask.run(FutureTask.java:264)
	at java.base/java.util.concurrent.ThreadPoolExecutor.runWorker(ThreadPoolExecutor.java:1128)
	at java.base/java.util.concurrent.ThreadPoolExecutor$Worker.run(ThreadPoolExecutor.java:628)
	at java.base/java.lang.Thread.run(Thread.java:834)
]]>
    </error>
  </testcase> <!-- step192_VerifiedOrderStatusInReturnsPage -->
  <testcase classname="src.in.valtech.cl.scenarios.TC_Scenario_08" name="step174_SelectRejectedOptionFromStatusDropdown" time="0.295"/>
  <testcase classname="src.in.valtech.cl.scenarios.TC_Scenario_08" name="step126_NavigatedIntoWMSAndClickOnPackingBtn" time="9.290"/>
  <testcase classname="src.in.valtech.cl.scenarios.TC_Scenario_08" name="step188_ClickOrderstxtFromSalesIcon" time="10.190">
    <failure message="Expected condition failed: waiting for visibility of [[ChromeDriver: chrome on WINDOWS (ac4b4f8c9a3cd3dd66501ebe55c6f3ff)] -&gt; xpath: //span[contains(text(),&#039;Orders&#039;)]] (tried for 10 second(s) with 500 milliseconds interval)
Build info: version: &#039;3.141.59&#039;, revision: &#039;e82be7d358&#039;, time: &#039;2018-11-14T08:17:03&#039;
System info: host: &#039;IN-PF42S2RF&#039;, ip: &#039;192.168.1.6&#039;, os.name: &#039;Windows 10&#039;, os.arch: &#039;amd64&#039;, os.version: &#039;10.0&#039;, java.version: &#039;11.0.2&#039;
Driver info: org.openqa.selenium.chrome.ChromeDriver
Capabilities {acceptInsecureCerts: false, browserName: chrome, browserVersion: 121.0.6167.185, chrome: {chromedriverVersion: 121.0.6167.85 (3f98d690ad7e..., userDataDir: C:\Users\CHAITR~1.BAB\AppDa...}, fedcm:accounts: true, goog:chromeOptions: {debuggerAddress: localhost:50052}, javascriptEnabled: true, networkConnectionEnabled: false, pageLoadStrategy: normal, platform: WINDOWS, platformName: WINDOWS, proxy: Proxy(), setWindowRect: true, strictFileInteractability: false, timeouts: {implicit: 0, pageLoad: 300000, script: 30000}, unhandledPromptBehavior: dismiss and notify, webauthn:extension:credBlob: true, webauthn:extension:largeBlob: true, webauthn:extension:minPinLength: true, webauthn:extension:prf: true, webauthn:virtualAuthenticators: true}
Session ID: ac4b4f8c9a3cd3dd66501ebe55c6f3ff" type="org.openqa.selenium.TimeoutException">
      <![CDATA[org.openqa.selenium.TimeoutException: Expected condition failed: waiting for visibility of [[ChromeDriver: chrome on WINDOWS (ac4b4f8c9a3cd3dd66501ebe55c6f3ff)] -> xpath: //span[contains(text(),'Orders')]] (tried for 10 second(s) with 500 milliseconds interval)
Build info: version: '3.141.59', revision: 'e82be7d358', time: '2018-11-14T08:17:03'
System info: host: 'IN-PF42S2RF', ip: '192.168.1.6', os.name: 'Windows 10', os.arch: 'amd64', os.version: '10.0', java.version: '11.0.2'
Driver info: org.openqa.selenium.chrome.ChromeDriver
Capabilities {acceptInsecureCerts: false, browserName: chrome, browserVersion: 121.0.6167.185, chrome: {chromedriverVersion: 121.0.6167.85 (3f98d690ad7e..., userDataDir: C:\Users\CHAITR~1.BAB\AppDa...}, fedcm:accounts: true, goog:chromeOptions: {debuggerAddress: localhost:50052}, javascriptEnabled: true, networkConnectionEnabled: false, pageLoadStrategy: normal, platform: WINDOWS, platformName: WINDOWS, proxy: Proxy(), setWindowRect: true, strictFileInteractability: false, timeouts: {implicit: 0, pageLoad: 300000, script: 30000}, unhandledPromptBehavior: dismiss and notify, webauthn:extension:credBlob: true, webauthn:extension:largeBlob: true, webauthn:extension:minPinLength: true, webauthn:extension:prf: true, webauthn:virtualAuthenticators: true}
Session ID: ac4b4f8c9a3cd3dd66501ebe55c6f3ff
	at org.openqa.selenium.support.ui.WebDriverWait.timeoutException(WebDriverWait.java:95)
	at org.openqa.selenium.support.ui.FluentWait.until(FluentWait.java:272)
	at src.in.valtech.uifunctions.GUIFunctions.clickElement(GUIFunctions.java:100)
	at src.in.valtech.cl.back.pages.BackOfficePage.OrderstxtFromSalesIconClick(BackOfficePage.java:328)
	at src.in.valtech.cl.scenarios.TC_Scenario_08.step188_ClickOrderstxtFromSalesIcon(TC_Scenario_08.java:1712)
	at java.base/jdk.internal.reflect.NativeMethodAccessorImpl.invoke0(Native Method)
	at java.base/jdk.internal.reflect.NativeMethodAccessorImpl.invoke(NativeMethodAccessorImpl.java:62)
	at java.base/jdk.internal.reflect.DelegatingMethodAccessorImpl.invoke(DelegatingMethodAccessorImpl.java:43)
	at java.base/java.lang.reflect.Method.invoke(Method.java:566)
	at org.testng.internal.MethodInvocationHelper.invokeMethod(MethodInvocationHelper.java:80)
	at org.testng.internal.Invoker.invokeMethod(Invoker.java:714)
	at org.testng.internal.Invoker.invokeTestMethod(Invoker.java:901)
	at org.testng.internal.Invoker.invokeTestMethods(Invoker.java:1231)
	at org.testng.internal.TestMethodWorker.invokeTestMethods(TestMethodWorker.java:127)
	at org.testng.internal.TestMethodWorker.run(TestMethodWorker.java:111)
	at org.testng.TestRunner.privateRun(TestRunner.java:767)
	at org.testng.TestRunner.run(TestRunner.java:617)
	at org.testng.SuiteRunner.runTest(SuiteRunner.java:334)
	at org.testng.SuiteRunner.access$000(SuiteRunner.java:37)
	at org.testng.SuiteRunner$SuiteWorker.run(SuiteRunner.java:368)
	at org.testng.internal.thread.ThreadUtil$2.call(ThreadUtil.java:64)
	at java.base/java.util.concurrent.FutureTask.run(FutureTask.java:264)
	at java.base/java.util.concurrent.ThreadPoolExecutor.runWorker(ThreadPoolExecutor.java:1128)
	at java.base/java.util.concurrent.ThreadPoolExecutor$Worker.run(ThreadPoolExecutor.java:628)
	at java.base/java.lang.Thread.run(Thread.java:834)
]]>
    </failure>
  </testcase> <!-- step188_ClickOrderstxtFromSalesIcon -->
  <testcase classname="src.in.valtech.cl.scenarios.TC_Scenario_08" name="step177_ClickOnSalesIcon" time="10.485"/>
  <testcase classname="src.in.valtech.cl.scenarios.TC_Scenario_08" name="step51_OpenNewTabAndNavigatedtoWMS" time="4.920"/>
  <testcase classname="src.in.valtech.cl.scenarios.TC_Scenario_08" name="step191_ReturnstxtFromSalesIconClick" time="13.665"/>
  <testcase classname="src.in.valtech.cl.scenarios.TC_Scenario_08" name="step200_VerifySignOutMsg" time="7.209"/>
  <testcase classname="src.in.valtech.cl.scenarios.TC_Scenario_08" name="step144_ClickOnCreateReturnsButton" time="9.131"/>
  <testcase classname="src.in.valtech.cl.scenarios.TC_Scenario_08" name="step72_EnteredAddressField" time="6.047"/>
  <testcase classname="src.in.valtech.cl.scenarios.TC_Scenario_08" name="step12_ClickMyAccountBtn" time="54.387"/>
  <testcase classname="src.in.valtech.cl.scenarios.TC_Scenario_08" name="step60_OpenNewTabAndNavigatedtoMagentoBO" time="12.292"/>
  <testcase classname="src.in.valtech.cl.scenarios.TC_Scenario_08" name="step138_NavigatedIntoAdyenAndClickOnPaymentTab" time="79.619"/>
  <testcase classname="src.in.valtech.cl.scenarios.TC_Scenario_08" name="step96_EnteredCVVField" time="2.320"/>
  <testcase classname="src.in.valtech.cl.scenarios.TC_Scenario_08" name="step11_DeletedExistCustomerAccountFromCustomerGridResultInBO" time="48.229"/>
  <testcase classname="src.in.valtech.cl.scenarios.TC_Scenario_08" name="step70_EnteredFirstNameField" time="2.337"/>
  <testcase classname="src.in.valtech.cl.scenarios.TC_Scenario_08" name="step23_VerifyUserNameInMYAccount" time="16.961"/>
  <testcase classname="src.in.valtech.cl.scenarios.TC_Scenario_08" name="step156_VerifySuccessMsgForRMARequest" time="0.072"/>
  <testcase classname="src.in.valtech.cl.scenarios.TC_Scenario_08" name="step157_VerifiedOrderStatusInReturnsPage" time="352.318"/>
  <testcase classname="src.in.valtech.cl.scenarios.TC_Scenario_08" name="step17_EnterEmailAddressField" time="4.819"/>
  <testcase classname="src.in.valtech.cl.scenarios.TC_Scenario_08" name="step209_VerifyOrderConfirmationMailContentsForExchangeOrder" time="5.931"/>
  <testcase classname="src.in.valtech.cl.scenarios.TC_Scenario_08" name="step149_ClickOnAddSelProdToReturnsBtn" time="21.266"/>
  <testcase classname="src.in.valtech.cl.scenarios.TC_Scenario_08" name="step06_VerifiedDashboardHeaderInBO" time="10.116"/>
  <testcase classname="src.in.valtech.cl.scenarios.TC_Scenario_08" name="step130_EnteredQuantityInAnyRow" time="4.224"/>
  <testcase classname="src.in.valtech.cl.scenarios.TC_Scenario_08" name="step190_ClickOnSalesIcon" time="11.113"/>
  <testcase classname="src.in.valtech.cl.scenarios.TC_Scenario_08" name="step48_ClickonYourCartLnk" time="19.233"/>
  <testcase classname="src.in.valtech.cl.scenarios.TC_Scenario_08" name="step05_ClickOnSignInButton" time="40.045"/>
  <testcase classname="src.in.valtech.cl.scenarios.TC_Scenario_08" name="step97_EnteredCardHolderField" time="0.475"/>
  <testcase classname="src.in.valtech.cl.scenarios.TC_Scenario_08" name="step198_VerifiedOrderStatusInMyOrdersPage" time="173.556"/>
  <testcase classname="src.in.valtech.cl.scenarios.TC_Scenario_08" name="step02_OpenNewTabAndNavigatedtoMagentoBO" time="9.930"/>
  <testcase classname="src.in.valtech.cl.scenarios.TC_Scenario_08" name="step31_VerifiedProductPriceinPDP" time="2.247"/>
  <testcase classname="src.in.valtech.cl.scenarios.TC_Scenario_08" name="step80_ClickOnCreditCardRadioBtn" time="7.175"/>
  <testcase classname="src.in.valtech.cl.scenarios.TC_Scenario_08" name="step179_VerifiedOrderStatusInOrdersPage" time="59.363"/>
  <testcase classname="src.in.valtech.cl.scenarios.TC_Scenario_08" name="step16_EnterFirstNameField" time="4.884"/>
  <testcase classname="src.in.valtech.cl.scenarios.TC_Scenario_08" name="step93_ClickOnUpdateBtn" time="0.015"/>
  <testcase classname="src.in.valtech.cl.scenarios.TC_Scenario_08" name="step118_VerifySaleableStockDecBy1InWMSAferPlacingTheOrder" time="35.475"/>
  <testcase classname="src.in.valtech.cl.scenarios.TC_Scenario_08" name="step187_ClickOnSalesIcon" time="1.296">
    <failure message="element click intercepted: Element &lt;li data-ui-id=&quot;menu-magento-sales-sales&quot; class=&quot;item-sales _current _active parent  level-0&quot; id=&quot;menu-magento-sales-sales&quot; aria-haspopup=&quot;true&quot; role=&quot;menu-item&quot;&gt;...&lt;/li&gt; is not clickable at point (44, 168). Other element would receive the click: &lt;aside role=&quot;dialog&quot; class=&quot;modal-popup confirm _show&quot; aria-labelledby=&quot;modal-title-12&quot; aria-describedby=&quot;modal-content-12&quot; data-role=&quot;modal&quot; data-type=&quot;popup&quot; tabindex=&quot;0&quot; style=&quot;z-index: 902;&quot;&gt;...&lt;/aside&gt;
  (Session info: chrome=121.0.6167.185)
Build info: version: &#039;3.141.59&#039;, revision: &#039;e82be7d358&#039;, time: &#039;2018-11-14T08:17:03&#039;
System info: host: &#039;IN-PF42S2RF&#039;, ip: &#039;192.168.1.6&#039;, os.name: &#039;Windows 10&#039;, os.arch: &#039;amd64&#039;, os.version: &#039;10.0&#039;, java.version: &#039;11.0.2&#039;
Driver info: org.openqa.selenium.chrome.ChromeDriver
Capabilities {acceptInsecureCerts: false, browserName: chrome, browserVersion: 121.0.6167.185, chrome: {chromedriverVersion: 121.0.6167.85 (3f98d690ad7e..., userDataDir: C:\Users\CHAITR~1.BAB\AppDa...}, fedcm:accounts: true, goog:chromeOptions: {debuggerAddress: localhost:50052}, javascriptEnabled: true, networkConnectionEnabled: false, pageLoadStrategy: normal, platform: WINDOWS, platformName: WINDOWS, proxy: Proxy(), setWindowRect: true, strictFileInteractability: false, timeouts: {implicit: 0, pageLoad: 300000, script: 30000}, unhandledPromptBehavior: dismiss and notify, webauthn:extension:credBlob: true, webauthn:extension:largeBlob: true, webauthn:extension:minPinLength: true, webauthn:extension:prf: true, webauthn:virtualAuthenticators: true}
Session ID: ac4b4f8c9a3cd3dd66501ebe55c6f3ff" type="org.openqa.selenium.ElementClickInterceptedException">
      <![CDATA[org.openqa.selenium.ElementClickInterceptedException: element click intercepted: Element <li data-ui-id="menu-magento-sales-sales" class="item-sales _current _active parent  level-0" id="menu-magento-sales-sales" aria-haspopup="true" role="menu-item">...</li> is not clickable at point (44, 168). Other element would receive the click: <aside role="dialog" class="modal-popup confirm _show" aria-labelledby="modal-title-12" aria-describedby="modal-content-12" data-role="modal" data-type="popup" tabindex="0" style="z-index: 902;">...</aside>
  (Session info: chrome=121.0.6167.185)
Build info: version: '3.141.59', revision: 'e82be7d358', time: '2018-11-14T08:17:03'
System info: host: 'IN-PF42S2RF', ip: '192.168.1.6', os.name: 'Windows 10', os.arch: 'amd64', os.version: '10.0', java.version: '11.0.2'
Driver info: org.openqa.selenium.chrome.ChromeDriver
Capabilities {acceptInsecureCerts: false, browserName: chrome, browserVersion: 121.0.6167.185, chrome: {chromedriverVersion: 121.0.6167.85 (3f98d690ad7e..., userDataDir: C:\Users\CHAITR~1.BAB\AppDa...}, fedcm:accounts: true, goog:chromeOptions: {debuggerAddress: localhost:50052}, javascriptEnabled: true, networkConnectionEnabled: false, pageLoadStrategy: normal, platform: WINDOWS, platformName: WINDOWS, proxy: Proxy(), setWindowRect: true, strictFileInteractability: false, timeouts: {implicit: 0, pageLoad: 300000, script: 30000}, unhandledPromptBehavior: dismiss and notify, webauthn:extension:credBlob: true, webauthn:extension:largeBlob: true, webauthn:extension:minPinLength: true, webauthn:extension:prf: true, webauthn:virtualAuthenticators: true}
Session ID: ac4b4f8c9a3cd3dd66501ebe55c6f3ff
	at java.base/jdk.internal.reflect.NativeConstructorAccessorImpl.newInstance0(Native Method)
	at java.base/jdk.internal.reflect.NativeConstructorAccessorImpl.newInstance(NativeConstructorAccessorImpl.java:62)
	at java.base/jdk.internal.reflect.DelegatingConstructorAccessorImpl.newInstance(DelegatingConstructorAccessorImpl.java:45)
	at java.base/java.lang.reflect.Constructor.newInstance(Constructor.java:490)
	at org.openqa.selenium.remote.http.W3CHttpResponseCodec.createException(W3CHttpResponseCodec.java:185)
	at org.openqa.selenium.remote.http.W3CHttpResponseCodec.decode(W3CHttpResponseCodec.java:120)
	at org.openqa.selenium.remote.http.W3CHttpResponseCodec.decode(W3CHttpResponseCodec.java:49)
	at org.openqa.selenium.remote.HttpCommandExecutor.execute(HttpCommandExecutor.java:164)
	at org.openqa.selenium.remote.service.DriverCommandExecutor.execute(DriverCommandExecutor.java:83)
	at org.openqa.selenium.remote.RemoteWebDriver.execute(RemoteWebDriver.java:586)
	at org.openqa.selenium.remote.RemoteWebElement.execute(RemoteWebElement.java:279)
	at org.openqa.selenium.remote.RemoteWebElement.click(RemoteWebElement.java:83)
	at src.in.valtech.uifunctions.GUIFunctions.clickElement(GUIFunctions.java:102)
	at src.in.valtech.cl.back.pages.BackOfficePage.SalesIconClick(BackOfficePage.java:318)
	at src.in.valtech.cl.scenarios.TC_Scenario_08.step187_ClickOnSalesIcon(TC_Scenario_08.java:1706)
	at java.base/jdk.internal.reflect.NativeMethodAccessorImpl.invoke0(Native Method)
	at java.base/jdk.internal.reflect.NativeMethodAccessorImpl.invoke(NativeMethodAccessorImpl.java:62)
	at java.base/jdk.internal.reflect.DelegatingMethodAccessorImpl.invoke(DelegatingMethodAccessorImpl.java:43)
	at java.base/java.lang.reflect.Method.invoke(Method.java:566)
	at org.testng.internal.MethodInvocationHelper.invokeMethod(MethodInvocationHelper.java:80)
	at org.testng.internal.Invoker.invokeMethod(Invoker.java:714)
	at org.testng.internal.Invoker.invokeTestMethod(Invoker.java:901)
	at org.testng.internal.Invoker.invokeTestMethods(Invoker.java:1231)
	at org.testng.internal.TestMethodWorker.invokeTestMethods(TestMethodWorker.java:127)
	at org.testng.internal.TestMethodWorker.run(TestMethodWorker.java:111)
	at org.testng.TestRunner.privateRun(TestRunner.java:767)
	at org.testng.TestRunner.run(TestRunner.java:617)
	at org.testng.SuiteRunner.runTest(SuiteRunner.java:334)
	at org.testng.SuiteRunner.access$000(SuiteRunner.java:37)
	at org.testng.SuiteRunner$SuiteWorker.run(SuiteRunner.java:368)
	at org.testng.internal.thread.ThreadUtil$2.call(ThreadUtil.java:64)
	at java.base/java.util.concurrent.FutureTask.run(FutureTask.java:264)
	at java.base/java.util.concurrent.ThreadPoolExecutor.runWorker(ThreadPoolExecutor.java:1128)
	at java.base/java.util.concurrent.ThreadPoolExecutor$Worker.run(ThreadPoolExecutor.java:628)
	at java.base/java.lang.Thread.run(Thread.java:834)
]]>
    </failure>
  </testcase> <!-- step187_ClickOnSalesIcon -->
  <testcase classname="src.in.valtech.cl.scenarios.TC_Scenario_08" name="step182_VerifiedOrderStatusInReturnsPage" time="41.043"/>
  <testcase classname="src.in.valtech.cl.scenarios.TC_Scenario_08" name="step77_VerifyAndClickOnSecondShippingMethod" time="12.347"/>
  <testcase classname="src.in.valtech.cl.scenarios.TC_Scenario_08" name="step184_ClickOnRefundOrExchangeButton" time="16.014"/>
  <testcase classname="src.in.valtech.cl.scenarios.TC_Scenario_08" name="step125_NaviagtedIntoFOAndVerifiedOrderStatusInMyOrdersPage" time="31.506"/>
  <testcase classname="src.in.valtech.cl.scenarios.TC_Scenario_08" name="step41_VerifiedContinueShoppingAndOrderNowBTn" time="0.204"/>
  <testcase classname="src.in.valtech.cl.scenarios.TC_Scenario_08" name="step103_ClickMyAccountBtn" time="4.677"/>
  <testcase classname="src.in.valtech.cl.scenarios.TC_Scenario_08" name="step99_ClickOnProceedButtonAtPaymentSection" time="5.534"/>
  <testcase classname="src.in.valtech.cl.scenarios.TC_Scenario_08" name="step206_VerifyReturnRequestConfirmationMailContents" time="5.602"/>
  <testcase classname="src.in.valtech.cl.scenarios.TC_Scenario_08" name="step116_NavigatedIntoMangetoAndVerifiedOrderStatusInOrdersPage" time="158.641"/>
  <testcase classname="src.in.valtech.cl.scenarios.TC_Scenario_08" name="step135_NavigatedIntoWMSAndProcessedwithShippingProcess" time="65.949"/>
  <testcase classname="src.in.valtech.cl.scenarios.TC_Scenario_08" name="step68_EnteredAddressNameField" time="2.334"/>
  <testcase classname="src.in.valtech.cl.scenarios.TC_Scenario_08" name="step85_SelectPrefixNameDpdn" time="0.001"/>
  <testcase classname="src.in.valtech.cl.scenarios.TC_Scenario_08" name="step49_VerifyProductDetailsInMainCart" time="9.600"/>
  <testcase classname="src.in.valtech.cl.scenarios.TC_Scenario_08" name="step114_ClickOrderIDCheckbox" time="20.067"/>
  <testcase classname="src.in.valtech.cl.scenarios.TC_Scenario_08" name="step14_SelectValFromPrefixDropdown" time="4.589"/>
  <testcase classname="src.in.valtech.cl.scenarios.TC_Scenario_08" name="step161_VerifiedOrderStatusInOrdersPage" time="58.060"/>
  <testcase classname="src.in.valtech.cl.scenarios.TC_Scenario_08" name="step112_LoggedIntoAdyen" time="43.226"/>
  <testcase classname="src.in.valtech.cl.scenarios.TC_Scenario_08" name="step145_SelectPickupDate" time="9.290"/>
  <testcase classname="src.in.valtech.cl.scenarios.TC_Scenario_08" name="step107_ClickOrderstxtFromSalesIcon" time="13.382"/>
  <testcase classname="src.in.valtech.cl.scenarios.TC_Scenario_08" name="step34_VerifiedContactUslink" time="0.108"/>
  <testcase classname="src.in.valtech.cl.scenarios.TC_Scenario_08" name="step54_MouseOverElementOnDataListsMenu" time="11.667"/>
  <testcase classname="src.in.valtech.cl.scenarios.TC_Scenario_08" name="step195_VerifyOrderTotalAmtIN_adyen" time="20.048">
    <failure message="no such element: Unable to locate element: {&quot;method&quot;:&quot;xpath&quot;,&quot;selector&quot;:&quot;//td[contains(text(),&#039;24000000033&#039;)]//following-sibling::td[3]&quot;}
  (Session info: chrome=121.0.6167.185)
For documentation on this error, please visit: https://www.seleniumhq.org/exceptions/no_such_element.html
Build info: version: &#039;3.141.59&#039;, revision: &#039;e82be7d358&#039;, time: &#039;2018-11-14T08:17:03&#039;
System info: host: &#039;IN-PF42S2RF&#039;, ip: &#039;192.168.1.6&#039;, os.name: &#039;Windows 10&#039;, os.arch: &#039;amd64&#039;, os.version: &#039;10.0&#039;, java.version: &#039;11.0.2&#039;
Driver info: org.openqa.selenium.chrome.ChromeDriver
Capabilities {acceptInsecureCerts: false, browserName: chrome, browserVersion: 121.0.6167.185, chrome: {chromedriverVersion: 121.0.6167.85 (3f98d690ad7e..., userDataDir: C:\Users\CHAITR~1.BAB\AppDa...}, fedcm:accounts: true, goog:chromeOptions: {debuggerAddress: localhost:50052}, javascriptEnabled: true, networkConnectionEnabled: false, pageLoadStrategy: normal, platform: WINDOWS, platformName: WINDOWS, proxy: Proxy(), setWindowRect: true, strictFileInteractability: false, timeouts: {implicit: 0, pageLoad: 300000, script: 30000}, unhandledPromptBehavior: dismiss and notify, webauthn:extension:credBlob: true, webauthn:extension:largeBlob: true, webauthn:extension:minPinLength: true, webauthn:extension:prf: true, webauthn:virtualAuthenticators: true}
Session ID: ac4b4f8c9a3cd3dd66501ebe55c6f3ff
*** Element info: {Using=xpath, value=//td[contains(text(),&#039;24000000033&#039;)]//following-sibling::td[3]}" type="org.openqa.selenium.NoSuchElementException">
      <![CDATA[org.openqa.selenium.NoSuchElementException: no such element: Unable to locate element: {"method":"xpath","selector":"//td[contains(text(),'24000000033')]//following-sibling::td[3]"}
  (Session info: chrome=121.0.6167.185)
For documentation on this error, please visit: https://www.seleniumhq.org/exceptions/no_such_element.html
Build info: version: '3.141.59', revision: 'e82be7d358', time: '2018-11-14T08:17:03'
System info: host: 'IN-PF42S2RF', ip: '192.168.1.6', os.name: 'Windows 10', os.arch: 'amd64', os.version: '10.0', java.version: '11.0.2'
Driver info: org.openqa.selenium.chrome.ChromeDriver
Capabilities {acceptInsecureCerts: false, browserName: chrome, browserVersion: 121.0.6167.185, chrome: {chromedriverVersion: 121.0.6167.85 (3f98d690ad7e..., userDataDir: C:\Users\CHAITR~1.BAB\AppDa...}, fedcm:accounts: true, goog:chromeOptions: {debuggerAddress: localhost:50052}, javascriptEnabled: true, networkConnectionEnabled: false, pageLoadStrategy: normal, platform: WINDOWS, platformName: WINDOWS, proxy: Proxy(), setWindowRect: true, strictFileInteractability: false, timeouts: {implicit: 0, pageLoad: 300000, script: 30000}, unhandledPromptBehavior: dismiss and notify, webauthn:extension:credBlob: true, webauthn:extension:largeBlob: true, webauthn:extension:minPinLength: true, webauthn:extension:prf: true, webauthn:virtualAuthenticators: true}
Session ID: ac4b4f8c9a3cd3dd66501ebe55c6f3ff
*** Element info: {Using=xpath, value=//td[contains(text(),'24000000033')]//following-sibling::td[3]}
	at jdk.internal.reflect.GeneratedConstructorAccessor73.newInstance(Unknown Source)
	at java.base/jdk.internal.reflect.DelegatingConstructorAccessorImpl.newInstance(DelegatingConstructorAccessorImpl.java:45)
	at java.base/java.lang.reflect.Constructor.newInstance(Constructor.java:490)
	at org.openqa.selenium.remote.http.W3CHttpResponseCodec.createException(W3CHttpResponseCodec.java:185)
	at org.openqa.selenium.remote.http.W3CHttpResponseCodec.decode(W3CHttpResponseCodec.java:120)
	at org.openqa.selenium.remote.http.W3CHttpResponseCodec.decode(W3CHttpResponseCodec.java:49)
	at org.openqa.selenium.remote.HttpCommandExecutor.execute(HttpCommandExecutor.java:164)
	at org.openqa.selenium.remote.service.DriverCommandExecutor.execute(DriverCommandExecutor.java:83)
	at org.openqa.selenium.remote.RemoteWebDriver.execute(RemoteWebDriver.java:586)
	at org.openqa.selenium.remote.RemoteWebDriver.findElement(RemoteWebDriver.java:356)
	at org.openqa.selenium.remote.RemoteWebDriver.findElementByXPath(RemoteWebDriver.java:458)
	at org.openqa.selenium.By$ByXPath.findElement(By.java:353)
	at org.openqa.selenium.remote.RemoteWebDriver.findElement(RemoteWebDriver.java:348)
	at src.in.valtech.cl.back.pages.AdyenPage.Verify_AdyenOrderAmount(AdyenPage.java:279)
	at src.in.valtech.cl.scenarios.TC_Scenario_08.step195_VerifyOrderTotalAmtIN_adyen(TC_Scenario_08.java:1799)
	at java.base/jdk.internal.reflect.NativeMethodAccessorImpl.invoke0(Native Method)
	at java.base/jdk.internal.reflect.NativeMethodAccessorImpl.invoke(NativeMethodAccessorImpl.java:62)
	at java.base/jdk.internal.reflect.DelegatingMethodAccessorImpl.invoke(DelegatingMethodAccessorImpl.java:43)
	at java.base/java.lang.reflect.Method.invoke(Method.java:566)
	at org.testng.internal.MethodInvocationHelper.invokeMethod(MethodInvocationHelper.java:80)
	at org.testng.internal.Invoker.invokeMethod(Invoker.java:714)
	at org.testng.internal.Invoker.invokeTestMethod(Invoker.java:901)
	at org.testng.internal.Invoker.invokeTestMethods(Invoker.java:1231)
	at org.testng.internal.TestMethodWorker.invokeTestMethods(TestMethodWorker.java:127)
	at org.testng.internal.TestMethodWorker.run(TestMethodWorker.java:111)
	at org.testng.TestRunner.privateRun(TestRunner.java:767)
	at org.testng.TestRunner.run(TestRunner.java:617)
	at org.testng.SuiteRunner.runTest(SuiteRunner.java:334)
	at org.testng.SuiteRunner.access$000(SuiteRunner.java:37)
	at org.testng.SuiteRunner$SuiteWorker.run(SuiteRunner.java:368)
	at org.testng.internal.thread.ThreadUtil$2.call(ThreadUtil.java:64)
	at java.base/java.util.concurrent.FutureTask.run(FutureTask.java:264)
	at java.base/java.util.concurrent.ThreadPoolExecutor.runWorker(ThreadPoolExecutor.java:1128)
	at java.base/java.util.concurrent.ThreadPoolExecutor$Worker.run(ThreadPoolExecutor.java:628)
	at java.base/java.lang.Thread.run(Thread.java:834)
]]>
    </failure>
  </testcase> <!-- step195_VerifyOrderTotalAmtIN_adyen -->
  <testcase classname="src.in.valtech.cl.scenarios.TC_Scenario_08" name="step139_EnterOrderIDinPaymentTab_adyen" time="42.184"/>
  <testcase classname="src.in.valtech.cl.scenarios.TC_Scenario_08" name="step186_VerifySuccessMsgForCreateCreditMemo" time="20.069">
    <failure message="no such element: Unable to locate element: {&quot;method&quot;:&quot;xpath&quot;,&quot;selector&quot;:&quot;//div[contains(@class,&#039;message message-success success&#039;)]//div&quot;}
  (Session info: chrome=121.0.6167.185)
For documentation on this error, please visit: https://www.seleniumhq.org/exceptions/no_such_element.html
Build info: version: &#039;3.141.59&#039;, revision: &#039;e82be7d358&#039;, time: &#039;2018-11-14T08:17:03&#039;
System info: host: &#039;IN-PF42S2RF&#039;, ip: &#039;192.168.1.6&#039;, os.name: &#039;Windows 10&#039;, os.arch: &#039;amd64&#039;, os.version: &#039;10.0&#039;, java.version: &#039;11.0.2&#039;
Driver info: org.openqa.selenium.chrome.ChromeDriver
Capabilities {acceptInsecureCerts: false, browserName: chrome, browserVersion: 121.0.6167.185, chrome: {chromedriverVersion: 121.0.6167.85 (3f98d690ad7e..., userDataDir: C:\Users\CHAITR~1.BAB\AppDa...}, fedcm:accounts: true, goog:chromeOptions: {debuggerAddress: localhost:50052}, javascriptEnabled: true, networkConnectionEnabled: false, pageLoadStrategy: normal, platform: WINDOWS, platformName: WINDOWS, proxy: Proxy(), setWindowRect: true, strictFileInteractability: false, timeouts: {implicit: 0, pageLoad: 300000, script: 30000}, unhandledPromptBehavior: dismiss and notify, webauthn:extension:credBlob: true, webauthn:extension:largeBlob: true, webauthn:extension:minPinLength: true, webauthn:extension:prf: true, webauthn:virtualAuthenticators: true}
Session ID: ac4b4f8c9a3cd3dd66501ebe55c6f3ff
*** Element info: {Using=xpath, value=//div[contains(@class,&#039;message message-success success&#039;)]//div}" type="org.openqa.selenium.NoSuchElementException">
      <![CDATA[org.openqa.selenium.NoSuchElementException: no such element: Unable to locate element: {"method":"xpath","selector":"//div[contains(@class,'message message-success success')]//div"}
  (Session info: chrome=121.0.6167.185)
For documentation on this error, please visit: https://www.seleniumhq.org/exceptions/no_such_element.html
Build info: version: '3.141.59', revision: 'e82be7d358', time: '2018-11-14T08:17:03'
System info: host: 'IN-PF42S2RF', ip: '192.168.1.6', os.name: 'Windows 10', os.arch: 'amd64', os.version: '10.0', java.version: '11.0.2'
Driver info: org.openqa.selenium.chrome.ChromeDriver
Capabilities {acceptInsecureCerts: false, browserName: chrome, browserVersion: 121.0.6167.185, chrome: {chromedriverVersion: 121.0.6167.85 (3f98d690ad7e..., userDataDir: C:\Users\CHAITR~1.BAB\AppDa...}, fedcm:accounts: true, goog:chromeOptions: {debuggerAddress: localhost:50052}, javascriptEnabled: true, networkConnectionEnabled: false, pageLoadStrategy: normal, platform: WINDOWS, platformName: WINDOWS, proxy: Proxy(), setWindowRect: true, strictFileInteractability: false, timeouts: {implicit: 0, pageLoad: 300000, script: 30000}, unhandledPromptBehavior: dismiss and notify, webauthn:extension:credBlob: true, webauthn:extension:largeBlob: true, webauthn:extension:minPinLength: true, webauthn:extension:prf: true, webauthn:virtualAuthenticators: true}
Session ID: ac4b4f8c9a3cd3dd66501ebe55c6f3ff
*** Element info: {Using=xpath, value=//div[contains(@class,'message message-success success')]//div}
	at jdk.internal.reflect.GeneratedConstructorAccessor73.newInstance(Unknown Source)
	at java.base/jdk.internal.reflect.DelegatingConstructorAccessorImpl.newInstance(DelegatingConstructorAccessorImpl.java:45)
	at java.base/java.lang.reflect.Constructor.newInstance(Constructor.java:490)
	at org.openqa.selenium.remote.http.W3CHttpResponseCodec.createException(W3CHttpResponseCodec.java:185)
	at org.openqa.selenium.remote.http.W3CHttpResponseCodec.decode(W3CHttpResponseCodec.java:120)
	at org.openqa.selenium.remote.http.W3CHttpResponseCodec.decode(W3CHttpResponseCodec.java:49)
	at org.openqa.selenium.remote.HttpCommandExecutor.execute(HttpCommandExecutor.java:164)
	at org.openqa.selenium.remote.service.DriverCommandExecutor.execute(DriverCommandExecutor.java:83)
	at org.openqa.selenium.remote.RemoteWebDriver.execute(RemoteWebDriver.java:586)
	at org.openqa.selenium.remote.RemoteWebDriver.findElement(RemoteWebDriver.java:356)
	at org.openqa.selenium.remote.RemoteWebDriver.findElementByXPath(RemoteWebDriver.java:458)
	at org.openqa.selenium.By$ByXPath.findElement(By.java:353)
	at org.openqa.selenium.remote.RemoteWebDriver.findElement(RemoteWebDriver.java:348)
	at src.in.valtech.cl.back.pages.BackOfficePage.VerifySuccessMsgForCreateCreditMemo(BackOfficePage.java:952)
	at src.in.valtech.cl.scenarios.TC_Scenario_08.step186_VerifySuccessMsgForCreateCreditMemo(TC_Scenario_08.java:1700)
	at java.base/jdk.internal.reflect.NativeMethodAccessorImpl.invoke0(Native Method)
	at java.base/jdk.internal.reflect.NativeMethodAccessorImpl.invoke(NativeMethodAccessorImpl.java:62)
	at java.base/jdk.internal.reflect.DelegatingMethodAccessorImpl.invoke(DelegatingMethodAccessorImpl.java:43)
	at java.base/java.lang.reflect.Method.invoke(Method.java:566)
	at org.testng.internal.MethodInvocationHelper.invokeMethod(MethodInvocationHelper.java:80)
	at org.testng.internal.Invoker.invokeMethod(Invoker.java:714)
	at org.testng.internal.Invoker.invokeTestMethod(Invoker.java:901)
	at org.testng.internal.Invoker.invokeTestMethods(Invoker.java:1231)
	at org.testng.internal.TestMethodWorker.invokeTestMethods(TestMethodWorker.java:127)
	at org.testng.internal.TestMethodWorker.run(TestMethodWorker.java:111)
	at org.testng.TestRunner.privateRun(TestRunner.java:767)
	at org.testng.TestRunner.run(TestRunner.java:617)
	at org.testng.SuiteRunner.runTest(SuiteRunner.java:334)
	at org.testng.SuiteRunner.access$000(SuiteRunner.java:37)
	at org.testng.SuiteRunner$SuiteWorker.run(SuiteRunner.java:368)
	at org.testng.internal.thread.ThreadUtil$2.call(ThreadUtil.java:64)
	at java.base/java.util.concurrent.FutureTask.run(FutureTask.java:264)
	at java.base/java.util.concurrent.ThreadPoolExecutor.runWorker(ThreadPoolExecutor.java:1128)
	at java.base/java.util.concurrent.ThreadPoolExecutor$Worker.run(ThreadPoolExecutor.java:628)
	at java.base/java.lang.Thread.run(Thread.java:834)
]]>
    </failure>
  </testcase> <!-- step186_VerifySuccessMsgForCreateCreditMemo -->
  <testcase classname="src.in.valtech.cl.scenarios.TC_Scenario_08" name="step19_EnterConfirmPasswordField" time="5.995"/>
  <testcase classname="src.in.valtech.cl.scenarios.TC_Scenario_08" name="step45_ClickOnProductImg" time="35.647"/>
  <testcase classname="src.in.valtech.cl.scenarios.TC_Scenario_08" name="step84_EnteredAddressNameField" time="0.001"/>
  <testcase classname="src.in.valtech.cl.scenarios.TC_Scenario_08" name="step168_ReturnstxtFromSalesIconClick" time="14.782"/>
  <testcase classname="src.in.valtech.cl.scenarios.TC_Scenario_08" name="step181_ReturnstxtFromSalesIconClick" time="14.846"/>
  <testcase classname="src.in.valtech.cl.scenarios.TC_Scenario_08" name="step39_ClickonAddToCartButton" time="7.978"/>
  <testcase classname="src.in.valtech.cl.scenarios.TC_Scenario_08" name="step178_ClickOrderstxtFromSalesIcon" time="13.167"/>
  <testcase classname="src.in.valtech.cl.scenarios.TC_Scenario_08" name="step94_EnteredCreditNumberField" time="2.491"/>
  <testcase classname="src.in.valtech.cl.scenarios.TC_Scenario_08" name="step109_VerifiedOrderStatusInOrdersPage" time="431.494"/>
  <testcase classname="src.in.valtech.cl.scenarios.TC_Scenario_08" name="step18_EnterPasswordField" time="4.263"/>
  <testcase classname="src.in.valtech.cl.scenarios.TC_Scenario_08" name="step33_ClickOnInStoreAvailabilityButtonAndCloseOverlay" time="0.015"/>
  <testcase classname="src.in.valtech.cl.scenarios.TC_Scenario_08" name="step76_EnteredPhoneNumberField" time="4.695"/>
  <testcase classname="src.in.valtech.cl.scenarios.TC_Scenario_08" name="step171_ClickOnReturnItems" time="9.272"/>
  <testcase classname="src.in.valtech.cl.scenarios.TC_Scenario_08" name="step204_VerifyOrderConfirmationMailContents" time="5.654"/>
  <testcase classname="src.in.valtech.cl.scenarios.TC_Scenario_08" name="step148_ClickOnCheckboxToSelectTheProduct" time="14.420"/>
  <testcase classname="src.in.valtech.cl.scenarios.TC_Scenario_08" name="step43_MouseOverOnMenHeaderNavigation" time="2.920"/>
  <testcase classname="src.in.valtech.cl.scenarios.TC_Scenario_08" name="step44_ClickOnShoesSubcategory" time="15.530"/>
  <testcase classname="src.in.valtech.cl.scenarios.TC_Scenario_08" name="step196_SwitchToFOTabAndClickOnMyAccountIcon" time="2.358"/>
  <testcase classname="src.in.valtech.cl.scenarios.TC_Scenario_08" name="step30_VerifiedProductBrandNametxtInPDP" time="2.160"/>
  <testcase classname="src.in.valtech.cl.scenarios.TC_Scenario_08" name="step61_ClickProductstxtFromCatalogIcon" time="22.408"/>
  <testcase classname="src.in.valtech.cl.scenarios.TC_Scenario_08" name="step203_VerifyAccountCreationConfirmationMailContents" time="5.692"/>
  <testcase classname="src.in.valtech.cl.scenarios.TC_Scenario_08" name="step24_VerifiedMyAccountPageContents" time="15.500"/>
  <testcase classname="src.in.valtech.cl.scenarios.TC_Scenario_08" name="step71_EnteredLastNameField" time="2.366"/>
  <testcase classname="src.in.valtech.cl.scenarios.TC_Scenario_08" name="step164_EnterRMAID_SearchForOrderDetails_ClickOnReceptionButton" time="108.973"/>
  <testcase classname="src.in.valtech.cl.scenarios.TC_Scenario_08" name="step53_ClickOnOKbutton" time="12.171"/>
  <testcase classname="src.in.valtech.cl.scenarios.TC_Scenario_08" name="step113_ClickCaseMgmtOPtionINAdyen" time="81.973">
    <failure message="no such element: Unable to locate element: {&quot;method&quot;:&quot;xpath&quot;,&quot;selector&quot;:&quot;//span[@title=&#039;Risk&#039;]&quot;}
  (Session info: chrome=121.0.6167.185)
For documentation on this error, please visit: https://www.seleniumhq.org/exceptions/no_such_element.html
Build info: version: &#039;3.141.59&#039;, revision: &#039;e82be7d358&#039;, time: &#039;2018-11-14T08:17:03&#039;
System info: host: &#039;IN-PF42S2RF&#039;, ip: &#039;192.168.1.6&#039;, os.name: &#039;Windows 10&#039;, os.arch: &#039;amd64&#039;, os.version: &#039;10.0&#039;, java.version: &#039;11.0.2&#039;
Driver info: org.openqa.selenium.chrome.ChromeDriver
Capabilities {acceptInsecureCerts: false, browserName: chrome, browserVersion: 121.0.6167.185, chrome: {chromedriverVersion: 121.0.6167.85 (3f98d690ad7e..., userDataDir: C:\Users\CHAITR~1.BAB\AppDa...}, fedcm:accounts: true, goog:chromeOptions: {debuggerAddress: localhost:50052}, javascriptEnabled: true, networkConnectionEnabled: false, pageLoadStrategy: normal, platform: WINDOWS, platformName: WINDOWS, proxy: Proxy(), setWindowRect: true, strictFileInteractability: false, timeouts: {implicit: 0, pageLoad: 300000, script: 30000}, unhandledPromptBehavior: dismiss and notify, webauthn:extension:credBlob: true, webauthn:extension:largeBlob: true, webauthn:extension:minPinLength: true, webauthn:extension:prf: true, webauthn:virtualAuthenticators: true}
Session ID: ac4b4f8c9a3cd3dd66501ebe55c6f3ff
*** Element info: {Using=xpath, value=//span[@title=&#039;Risk&#039;]}" type="org.openqa.selenium.NoSuchElementException">
      <![CDATA[org.openqa.selenium.NoSuchElementException: no such element: Unable to locate element: {"method":"xpath","selector":"//span[@title='Risk']"}
  (Session info: chrome=121.0.6167.185)
For documentation on this error, please visit: https://www.seleniumhq.org/exceptions/no_such_element.html
Build info: version: '3.141.59', revision: 'e82be7d358', time: '2018-11-14T08:17:03'
System info: host: 'IN-PF42S2RF', ip: '192.168.1.6', os.name: 'Windows 10', os.arch: 'amd64', os.version: '10.0', java.version: '11.0.2'
Driver info: org.openqa.selenium.chrome.ChromeDriver
Capabilities {acceptInsecureCerts: false, browserName: chrome, browserVersion: 121.0.6167.185, chrome: {chromedriverVersion: 121.0.6167.85 (3f98d690ad7e..., userDataDir: C:\Users\CHAITR~1.BAB\AppDa...}, fedcm:accounts: true, goog:chromeOptions: {debuggerAddress: localhost:50052}, javascriptEnabled: true, networkConnectionEnabled: false, pageLoadStrategy: normal, platform: WINDOWS, platformName: WINDOWS, proxy: Proxy(), setWindowRect: true, strictFileInteractability: false, timeouts: {implicit: 0, pageLoad: 300000, script: 30000}, unhandledPromptBehavior: dismiss and notify, webauthn:extension:credBlob: true, webauthn:extension:largeBlob: true, webauthn:extension:minPinLength: true, webauthn:extension:prf: true, webauthn:virtualAuthenticators: true}
Session ID: ac4b4f8c9a3cd3dd66501ebe55c6f3ff
*** Element info: {Using=xpath, value=//span[@title='Risk']}
	at jdk.internal.reflect.GeneratedConstructorAccessor73.newInstance(Unknown Source)
	at java.base/jdk.internal.reflect.DelegatingConstructorAccessorImpl.newInstance(DelegatingConstructorAccessorImpl.java:45)
	at java.base/java.lang.reflect.Constructor.newInstance(Constructor.java:490)
	at org.openqa.selenium.remote.http.W3CHttpResponseCodec.createException(W3CHttpResponseCodec.java:185)
	at org.openqa.selenium.remote.http.W3CHttpResponseCodec.decode(W3CHttpResponseCodec.java:120)
	at org.openqa.selenium.remote.http.W3CHttpResponseCodec.decode(W3CHttpResponseCodec.java:49)
	at org.openqa.selenium.remote.HttpCommandExecutor.execute(HttpCommandExecutor.java:164)
	at org.openqa.selenium.remote.service.DriverCommandExecutor.execute(DriverCommandExecutor.java:83)
	at org.openqa.selenium.remote.RemoteWebDriver.execute(RemoteWebDriver.java:586)
	at org.openqa.selenium.remote.RemoteWebDriver.findElement(RemoteWebDriver.java:356)
	at org.openqa.selenium.remote.RemoteWebDriver.findElementByXPath(RemoteWebDriver.java:458)
	at org.openqa.selenium.By$ByXPath.findElement(By.java:353)
	at org.openqa.selenium.remote.RemoteWebDriver.findElement(RemoteWebDriver.java:348)
	at src.in.valtech.cl.back.pages.AdyenPage.Click_AdyenRiskTab(AdyenPage.java:157)
	at src.in.valtech.cl.scenarios.TC_Scenario_08.step113_ClickCaseMgmtOPtionINAdyen(TC_Scenario_08.java:1025)
	at java.base/jdk.internal.reflect.NativeMethodAccessorImpl.invoke0(Native Method)
	at java.base/jdk.internal.reflect.NativeMethodAccessorImpl.invoke(NativeMethodAccessorImpl.java:62)
	at java.base/jdk.internal.reflect.DelegatingMethodAccessorImpl.invoke(DelegatingMethodAccessorImpl.java:43)
	at java.base/java.lang.reflect.Method.invoke(Method.java:566)
	at org.testng.internal.MethodInvocationHelper.invokeMethod(MethodInvocationHelper.java:80)
	at org.testng.internal.Invoker.invokeMethod(Invoker.java:714)
	at org.testng.internal.Invoker.invokeTestMethod(Invoker.java:901)
	at org.testng.internal.Invoker.invokeTestMethods(Invoker.java:1231)
	at org.testng.internal.TestMethodWorker.invokeTestMethods(TestMethodWorker.java:127)
	at org.testng.internal.TestMethodWorker.run(TestMethodWorker.java:111)
	at org.testng.TestRunner.privateRun(TestRunner.java:767)
	at org.testng.TestRunner.run(TestRunner.java:617)
	at org.testng.SuiteRunner.runTest(SuiteRunner.java:334)
	at org.testng.SuiteRunner.access$000(SuiteRunner.java:37)
	at org.testng.SuiteRunner$SuiteWorker.run(SuiteRunner.java:368)
	at org.testng.internal.thread.ThreadUtil$2.call(ThreadUtil.java:64)
	at java.base/java.util.concurrent.FutureTask.run(FutureTask.java:264)
	at java.base/java.util.concurrent.ThreadPoolExecutor.runWorker(ThreadPoolExecutor.java:1128)
	at java.base/java.util.concurrent.ThreadPoolExecutor$Worker.run(ThreadPoolExecutor.java:628)
	at java.base/java.lang.Thread.run(Thread.java:834)
]]>
    </failure>
  </testcase> <!-- step113_ClickCaseMgmtOPtionINAdyen -->
  <testcase classname="src.in.valtech.cl.scenarios.TC_Scenario_08" name="step165_ExecuteRMAProcessinWMS" time="36.377"/>
  <testcase classname="src.in.valtech.cl.scenarios.TC_Scenario_08" name="step15_EnterLastNameField" time="5.362"/>
  <testcase classname="src.in.valtech.cl.scenarios.TC_Scenario_08" name="step176_VerifySuccessMsgForSavedRMARequest" time="0.059"/>
  <testcase classname="src.in.valtech.cl.scenarios.TC_Scenario_08" name="step167_NavigatedIntoMangetoAndClickONSalesIcon" time="12.386"/>
  <testcase classname="src.in.valtech.cl.scenarios.TC_Scenario_08" name="step50_ClickOnProceedToCheckOutCTA" time="34.348"/>
  <testcase classname="src.in.valtech.cl.scenarios.TC_Scenario_08" name="step52_LoggedIntoWMS" time="23.668"/>
  <testcase classname="src.in.valtech.cl.scenarios.TC_Scenario_08" name="step55_ClickOnProductsFromDataLists" time="10.244"/>
  <testcase classname="src.in.valtech.cl.scenarios.TC_Scenario_08" name="step13_ClickAccountCreateBtn" time="11.327"/>
  <testcase classname="src.in.valtech.cl.scenarios.TC_Scenario_08" name="step28_ClickOnProductImg" time="12.820"/>
  <testcase classname="src.in.valtech.cl.scenarios.TC_Scenario_08" name="step110_VerifyOrderDetailsInOrderPage" time="62.015"/>
  <testcase classname="src.in.valtech.cl.scenarios.TC_Scenario_08" name="step170_ClickonViewOptioninOrderGrid" time="10.122"/>
  <testcase classname="src.in.valtech.cl.scenarios.TC_Scenario_08" name="step40_VerifiedPDPConfirmationMessagePopUPModal" time="8.492"/>
  <testcase classname="src.in.valtech.cl.scenarios.TC_Scenario_08" name="step29_VerifiedProductNameinPDP" time="2.514"/>
  <testcase classname="src.in.valtech.cl.scenarios.TC_Scenario_08" name="step207_VerifyReturnReceptionConfirmationMailContents" time="5.688"/>
  <testcase classname="src.in.valtech.cl.scenarios.TC_Scenario_08" name="step132_ClickOnHomePopupBtn" time="7.195"/>
  <testcase classname="src.in.valtech.cl.scenarios.TC_Scenario_08" name="step95_EnteredExpiryDateField" time="4.365"/>
  <testcase classname="src.in.valtech.cl.scenarios.TC_Scenario_08" name="step66_ClickUpdateBtn" time="5.189"/>
  <testcase classname="src.in.valtech.cl.scenarios.TC_Scenario_08" name="step22_VerifyRegisteredSuccessMsgTxt" time="21.482"/>
  <testcase classname="src.in.valtech.cl.scenarios.TC_Scenario_08" name="step111_OpenNewTabAndNavigatedtoAdyen" time="5.862"/>
  <testcase classname="src.in.valtech.cl.scenarios.TC_Scenario_08" name="step127_EnteredBarcodeAndSearchForPacking" time="19.686"/>
  <testcase classname="src.in.valtech.cl.scenarios.TC_Scenario_08" name="step205_VerifyShippingConfirmationMailContents" time="5.640"/>
  <testcase classname="src.in.valtech.cl.scenarios.TC_Scenario_08" name="step115_ClickOnAcceptBtn" time="44.226"/>
  <testcase classname="src.in.valtech.cl.scenarios.TC_Scenario_08" name="step08_ClickAllCustomerstxtFromCustomersIcon" time="14.300"/>
  <testcase classname="src.in.valtech.cl.scenarios.TC_Scenario_08" name="step133_NavigatedIntoMangetoAndVerifiedOrderStatusInOrdersPage" time="72.976"/>
  <testcase classname="src.in.valtech.cl.scenarios.TC_Scenario_08" name="step183_ClickonViewOptioninOrderGrid" time="10.949"/>
  <testcase classname="src.in.valtech.cl.scenarios.TC_Scenario_08" name="step202_ComparedSeleableStockInWMSAndBOBothAreSameAfterRefundTheOrder" time="120.937"/>
  <testcase classname="src.in.valtech.cl.scenarios.TC_Scenario_08" name="step56_EnterSearchableSKUAndClickOnSubmitFilter" time="28.711"/>
  <testcase classname="src.in.valtech.cl.scenarios.TC_Scenario_08" name="step63_VerifyInitialSaleableStock" time="2.278"/>
  <testcase classname="src.in.valtech.cl.scenarios.TC_Scenario_08" name="step122_VerifiedGiftMsg_INPicking" time="0.001"/>
  <testcase classname="src.in.valtech.cl.scenarios.TC_Scenario_08" name="step120_PickingOrderProcess" time="69.712"/>
</testsuite> <!-- src.in.valtech.cl.scenarios.TC_Scenario_08 -->
